0.053967
0.052694
0.052354
0.053083
0.053576
0.053797
0.054131
0.053985
0.055412
0.055993
0.057767
0.057366
0.052135
0.050814
0.051019
0.050532
0.051258
0.051725
0.052155
0.051911
0.052790
0.053138
0.054172
0.053840
0.051925
0.050893
0.050479
0.050528
0.050987
0.051168
0.051614
0.051504
0.052225
0.052586
0.053342
0.053191
0.051781
0.050193
0.050397
0.050403
0.050744
0.051124
0.051381
0.051285
0.051879
0.052166
0.052857
0.052770
0.052147
0.050679
0.050540
0.050518
0.050958
0.051501
0.051439
0.051526
0.052051
0.052041
0.052967
0.053044
0.052395
0.050694
0.050594
0.050775
0.051438
0.051463
0.051497
0.051639
0.052085
0.052448
0.053072
0.052992
0.053019
0.051095
0.050860
0.050987
0.051255
0.051553
0.051937
0.051960
0.052508
0.052795
0.053329
0.053671
0.052120
0.050945
0.050981
0.050791
0.051285
0.051553
0.051905
0.052339
0.052674
0.052992
0.053647
0.053824
0.052663
0.051415
0.051167
0.051334
0.051618
0.051843
0.052232
0.052479
0.053067
0.053395
0.053952
0.054029
0.052938
0.051602
0.051574
0.051508
0.051661
0.052165
0.052585
0.052792
0.053304
0.053977
0.054467
0.054458
0.053829
0.052259
0.052073
0.052033
0.052339
0.052684
0.053017
0.053167
0.053820
0.054395
0.054921
0.054796
0.053375
0.052019
0.051893
0.052012
0.052461
0.052462
0.053134
0.053214
0.053995
0.054779
0.055540
0.055343
