93.120
93.094
92.069
91.764
92.057
93.611
91.556
91.455
92.623
92.289
91.425
91.112
92.531
92.004
91.774
91.111
92.856
92.733
92.563
90.278
92.711
91.494
91.849
91.110
92.850
91.992
91.104
92.630
91.586
91.586
91.756
90.889
92.839
91.862
92.727
92.015
92.744
90.878
92.444
88.128
90.862
90.720
91.425
88.094
92.414
92.750
93.574
94.062
91.686
92.152
91.842
92.014
91.062
91.181
90.969
91.341
92.290
92.096
93.244
92.883
90.124
92.600
92.466
90.885
91.534
89.865
90.995
92.118
92.073
92.657
92.051
93.615
89.523
92.078
90.818
90.446
92.413
92.680
91.023
91.667
93.434
90.559
91.274
94.955
92.620
90.010
89.823
90.945
92.385
93.389
92.606
93.502
93.379
94.456
94.604
95.795
91.351
92.966
92.013
92.336
92.045
93.751
92.486
94.317
94.658
95.241
95.230
94.338
92.626
91.789
91.429
91.550
92.782
93.978
94.588
94.564
93.712
95.632
95.169
94.979
90.044
91.803
92.852
93.995
92.762
94.290
93.977
93.879
94.984
95.409
95.530
93.290
92.026
91.565
92.427
93.136
93.993
93.343
94.794
95.079
96.440
96.469
95.935
94.872
