0.012000
0.006566
0.006345
0.006920
0.007190
0.007632
0.008452
0.008386
0.008160
0.008712
0.008800
0.008362
0.006341
0.007840
0.008234
0.009322
0.023278
0.008485
0.008596
0.008688
0.008772
0.008963
0.009264
0.009853
0.007223
0.007936
0.008990
0.008883
0.008905
0.009293
0.009485
0.009559
0.011418
0.009995
0.011829
0.010302
0.008344
0.008903
0.009144
0.009548
0.011706
0.009838
0.010144
0.010495
0.012225
0.010682
0.013154
0.012252
0.009012
0.011528
0.010264
0.010475
0.012955
0.011032
0.011516
0.011659
0.013857
0.012125
0.014855
0.014845
0.010732
0.012221
0.012187
0.012622
0.015579
0.013782
0.014106
0.014315
0.017840
0.015025
0.019535
0.018561
0.011768
0.011816
0.013146
0.013887
0.016751
0.016925
0.015059
0.019392
0.017731
0.016359
0.021834
0.020082
0.011010
0.014802
0.013639
0.014719
0.015098
0.015715
0.016189
0.016765
0.020104
0.017086
0.021399
0.018406
0.015278
0.016014
0.016823
0.017811
0.019045
0.019216
0.019753
0.020109
0.022866
0.021359
0.021655
0.025828
0.013007
0.015526
0.016222
0.017030
0.017168
0.018545
0.023084
0.019721
0.020102
0.022952
0.021180
0.023581
0.017122
0.019055
0.019771
0.021495
0.021341
0.022516
0.022521
0.022945
0.026113
0.026312
0.024328
0.029064
0.020297
0.019571
0.025424
0.021873
0.028523
0.023015
0.028209
0.027376
0.025983
0.029281
0.030480
0.025900
