thread num: 2, test data set: af_shell2.mtx
CSC / CSC OMP impl wall time: 0.074 ms 
CSC / CSC OMP impl perf: L2 cache miss 33704, L2 cache misses ratio: 3.484 %, in 171596940 cycles
thread num: 2, test data set: cage14.mtx
CSC / CSC OMP impl wall time: 0.264 ms 
CSC / CSC OMP impl perf: L2 cache miss 269878, L2 cache misses ratio: 7.280 %, in 463522789 cycles
thread num: 2, test data set: darcy003.mtx
CSC / CSC OMP impl wall time: 0.022 ms 
CSC / CSC OMP impl perf: L2 cache miss 226532, L2 cache misses ratio: 50.348 %, in 52620999 cycles
thread num: 2, test data set: GL7d19.mtx
CSC / CSC OMP impl wall time: 0.662 ms 
CSC / CSC OMP impl perf: L2 cache miss 22661364, L2 cache misses ratio: 88.965 %, in 1577220572 cycles
thread num: 2, test data set: kim2.mtx
CSC / CSC OMP impl wall time: 0.089 ms 
CSC / CSC OMP impl perf: L2 cache miss 39741, L2 cache misses ratio: 3.165 %, in 209876682 cycles
thread num: 2, test data set: lp_osa_60_linear.mtx
CSC / CSC OMP impl wall time: 0.059 ms 
CSC / CSC OMP impl perf: L2 cache miss 454330, L2 cache misses ratio: 65.233 %, in 140798226 cycles
thread num: 2, test data set: sls.mtx
CSC / CSC OMP impl wall time: 0.113 ms 
CSC / CSC OMP impl perf: L2 cache miss 1074443, L2 cache misses ratio: 89.982 %, in 97473000 cycles
thread num: 2, test data set: stormG2_1000.mtx
CSC / CSC OMP impl wall time: 0.032 ms 
CSC / CSC OMP impl perf: L2 cache miss 51588, L2 cache misses ratio: 7.664 %, in 73535096 cycles
thread num: 2, test data set: wikipedia-20051105.mtx
CSC / CSC OMP impl wall time: 1.683 ms 
CSC / CSC OMP impl perf: L2 cache miss 17990656, L2 cache misses ratio: 84.766 %, in 4031448840 cycles
thread num: 4, test data set: af_shell2.mtx
CSC / CSC OMP impl wall time: 0.040 ms 
CSC / CSC OMP impl perf: L2 cache miss 22603, L2 cache misses ratio: 4.651 %, in 84300722 cycles
thread num: 4, test data set: cage14.mtx
CSC / CSC OMP impl wall time: 0.137 ms 
CSC / CSC OMP impl perf: L2 cache miss 110407, L2 cache misses ratio: 6.196 %, in 211987014 cycles
thread num: 4, test data set: darcy003.mtx
CSC / CSC OMP impl wall time: 0.014 ms 
CSC / CSC OMP impl perf: L2 cache miss 148815, L2 cache misses ratio: 55.451 %, in 34161690 cycles
thread num: 4, test data set: GL7d19.mtx
CSC / CSC OMP impl wall time: 0.483 ms 
CSC / CSC OMP impl perf: L2 cache miss 12287362, L2 cache misses ratio: 88.143 %, in 1060105073 cycles
thread num: 4, test data set: kim2.mtx
CSC / CSC OMP impl wall time: 0.045 ms 
CSC / CSC OMP impl perf: L2 cache miss 22949, L2 cache misses ratio: 3.651 %, in 106325346 cycles
thread num: 4, test data set: lp_osa_60_linear.mtx
CSC / CSC OMP impl wall time: 0.044 ms 
CSC / CSC OMP impl perf: L2 cache miss 269857, L2 cache misses ratio: 71.725 %, in 90952024 cycles
thread num: 4, test data set: sls.mtx
CSC / CSC OMP impl wall time: 0.087 ms 
CSC / CSC OMP impl perf: L2 cache miss 525096, L2 cache misses ratio: 89.922 %, in 65732315 cycles
thread num: 4, test data set: stormG2_1000.mtx
CSC / CSC OMP impl wall time: 0.019 ms 
CSC / CSC OMP impl perf: L2 cache miss 43495, L2 cache misses ratio: 10.206 %, in 39011591 cycles
thread num: 4, test data set: wikipedia-20051105.mtx
CSC / CSC OMP impl wall time: 1.372 ms 
CSC / CSC OMP impl perf: L2 cache miss 14879351, L2 cache misses ratio: 84.533 %, in 3285808520 cycles
thread num: 6, test data set: af_shell2.mtx
CSC / CSC OMP impl wall time: 0.029 ms 
CSC / CSC OMP impl perf: L2 cache miss 13361, L2 cache misses ratio: 4.095 %, in 56630873 cycles
thread num: 6, test data set: cage14.mtx
CSC / CSC OMP impl wall time: 0.097 ms 
CSC / CSC OMP impl perf: L2 cache miss 59724, L2 cache misses ratio: 5.078 %, in 134605189 cycles
thread num: 6, test data set: darcy003.mtx
CSC / CSC OMP impl wall time: 0.011 ms 
CSC / CSC OMP impl perf: L2 cache miss 114807, L2 cache misses ratio: 59.132 %, in 25645197 cycles
thread num: 6, test data set: GL7d19.mtx
CSC / CSC OMP impl wall time: 0.410 ms 
CSC / CSC OMP impl perf: L2 cache miss 8516476, L2 cache misses ratio: 87.501 %, in 955776795 cycles
thread num: 6, test data set: kim2.mtx
CSC / CSC OMP impl wall time: 0.031 ms 
CSC / CSC OMP impl perf: L2 cache miss 16092, L2 cache misses ratio: 3.838 %, in 72380399 cycles
thread num: 6, test data set: lp_osa_60_linear.mtx
CSC / CSC OMP impl wall time: 0.036 ms 
CSC / CSC OMP impl perf: L2 cache miss 164029, L2 cache misses ratio: 71.144 %, in 58762036 cycles
thread num: 6, test data set: sls.mtx
CSC / CSC OMP impl wall time: 0.081 ms 
CSC / CSC OMP impl perf: L2 cache miss 350480, L2 cache misses ratio: 89.940 %, in 57945058 cycles
thread num: 6, test data set: stormG2_1000.mtx
CSC / CSC OMP impl wall time: 0.016 ms 
CSC / CSC OMP impl perf: L2 cache miss 41621, L2 cache misses ratio: 12.107 %, in 27123378 cycles
thread num: 6, test data set: wikipedia-20051105.mtx
CSC / CSC OMP impl wall time: 1.243 ms 
CSC / CSC OMP impl perf: L2 cache miss 13461149, L2 cache misses ratio: 84.315 %, in 2974611711 cycles
thread num: 8, test data set: af_shell2.mtx
CSC / CSC OMP impl wall time: 0.028 ms 
CSC / CSC OMP impl perf: L2 cache miss 10285, L2 cache misses ratio: 4.204 %, in 49279273 cycles
thread num: 8, test data set: cage14.mtx
CSC / CSC OMP impl wall time: 0.079 ms 
CSC / CSC OMP impl perf: L2 cache miss 102354, L2 cache misses ratio: 11.560 %, in 116886569 cycles
thread num: 8, test data set: darcy003.mtx
CSC / CSC OMP impl wall time: 0.011 ms 
CSC / CSC OMP impl perf: L2 cache miss 94310, L2 cache misses ratio: 61.738 %, in 24498632 cycles
thread num: 8, test data set: GL7d19.mtx
CSC / CSC OMP impl wall time: 0.321 ms 
CSC / CSC OMP impl perf: L2 cache miss 6553270, L2 cache misses ratio: 86.925 %, in 747173697 cycles
thread num: 8, test data set: kim2.mtx
CSC / CSC OMP impl wall time: 0.036 ms 
CSC / CSC OMP impl perf: L2 cache miss 14711, L2 cache misses ratio: 4.701 %, in 59387198 cycles
thread num: 8, test data set: lp_osa_60_linear.mtx
CSC / CSC OMP impl wall time: 0.042 ms 
CSC / CSC OMP impl perf: L2 cache miss 121495, L2 cache misses ratio: 73.324 %, in 49679257 cycles
thread num: 8, test data set: sls.mtx
CSC / CSC OMP impl wall time: 0.080 ms 
CSC / CSC OMP impl perf: L2 cache miss 263431, L2 cache misses ratio: 89.967 %, in 56584913 cycles
thread num: 8, test data set: stormG2_1000.mtx
CSC / CSC OMP impl wall time: 0.020 ms 
CSC / CSC OMP impl perf: L2 cache miss 40467, L2 cache misses ratio: 13.584 %, in 24589647 cycles
thread num: 8, test data set: wikipedia-20051105.mtx
CSC / CSC OMP impl wall time: 1.137 ms 
CSC / CSC OMP impl perf: L2 cache miss 12062854, L2 cache misses ratio: 84.080 %, in 2721916126 cycles
thread num: 10, test data set: af_shell2.mtx
CSC / CSC OMP impl wall time: 0.034 ms 
CSC / CSC OMP impl perf: L2 cache miss 8168, L2 cache misses ratio: 4.166 %, in 42049799 cycles
thread num: 10, test data set: cage14.mtx
CSC / CSC OMP impl wall time: 0.071 ms 
CSC / CSC OMP impl perf: L2 cache miss 41927, L2 cache misses ratio: 6.397 %, in 85961157 cycles
thread num: 10, test data set: darcy003.mtx
CSC / CSC OMP impl wall time: 0.012 ms 
CSC / CSC OMP impl perf: L2 cache miss 78161, L2 cache misses ratio: 62.315 %, in 24068020 cycles
thread num: 10, test data set: GL7d19.mtx
CSC / CSC OMP impl wall time: 0.431 ms 
CSC / CSC OMP impl perf: L2 cache miss 5320673, L2 cache misses ratio: 86.418 %, in 848654706 cycles
thread num: 10, test data set: kim2.mtx
CSC / CSC OMP impl wall time: 0.034 ms 
CSC / CSC OMP impl perf: L2 cache miss 10211, L2 cache misses ratio: 4.093 %, in 48621994 cycles
thread num: 10, test data set: lp_osa_60_linear.mtx
CSC / CSC OMP impl wall time: 0.046 ms 
CSC / CSC OMP impl perf: L2 cache miss 75940, L2 cache misses ratio: 70.765 %, in 33233843 cycles
thread num: 10, test data set: sls.mtx
CSC / CSC OMP impl wall time: 0.076 ms 
CSC / CSC OMP impl perf: L2 cache miss 212761, L2 cache misses ratio: 89.400 %, in 51876813 cycles
thread num: 10, test data set: stormG2_1000.mtx
CSC / CSC OMP impl wall time: 0.018 ms 
CSC / CSC OMP impl perf: L2 cache miss 42575, L2 cache misses ratio: 15.386 %, in 21580013 cycles
thread num: 10, test data set: wikipedia-20051105.mtx
CSC / CSC OMP impl wall time: 1.077 ms 
CSC / CSC OMP impl perf: L2 cache miss 11399270, L2 cache misses ratio: 83.555 %, in 2573952363 cycles
thread num: 12, test data set: af_shell2.mtx
CSC / CSC OMP impl wall time: 0.031 ms 
CSC / CSC OMP impl perf: L2 cache miss 6417, L2 cache misses ratio: 3.916 %, in 36671730 cycles
thread num: 12, test data set: cage14.mtx
CSC / CSC OMP impl wall time: 0.081 ms 
CSC / CSC OMP impl perf: L2 cache miss 52346, L2 cache misses ratio: 10.141 %, in 69033815 cycles
thread num: 12, test data set: darcy003.mtx
CSC / CSC OMP impl wall time: 0.012 ms 
CSC / CSC OMP impl perf: L2 cache miss 70292, L2 cache misses ratio: 64.882 %, in 22633380 cycles
thread num: 12, test data set: GL7d19.mtx
CSC / CSC OMP impl wall time: 0.374 ms 
CSC / CSC OMP impl perf: L2 cache miss 4492329, L2 cache misses ratio: 85.963 %, in 834118365 cycles
thread num: 12, test data set: kim2.mtx
CSC / CSC OMP impl wall time: 0.034 ms 
CSC / CSC OMP impl perf: L2 cache miss 9626, L2 cache misses ratio: 4.628 %, in 41566933 cycles
thread num: 12, test data set: lp_osa_60_linear.mtx
CSC / CSC OMP impl wall time: 0.046 ms 
CSC / CSC OMP impl perf: L2 cache miss 57495, L2 cache misses ratio: 70.619 %, in 26396523 cycles
thread num: 12, test data set: sls.mtx
CSC / CSC OMP impl wall time: 0.073 ms 
CSC / CSC OMP impl perf: L2 cache miss 176478, L2 cache misses ratio: 89.567 %, in 39170111 cycles
thread num: 12, test data set: stormG2_1000.mtx
CSC / CSC OMP impl wall time: 0.018 ms 
CSC / CSC OMP impl perf: L2 cache miss 6702, L2 cache misses ratio: 10.618 %, in 14181003 cycles
thread num: 12, test data set: wikipedia-20051105.mtx
CSC / CSC OMP impl wall time: 1.009 ms 
CSC / CSC OMP impl perf: L2 cache miss 10873959, L2 cache misses ratio: 84.230 %, in 2414823412 cycles
