/root/spmv_bcsr/spmv/data/test_matrices_3/ship_001.mtx: bcsr_1x1, wall time: 0.022573s, L3 cache miss ratio: 84.560%
/root/spmv_bcsr/spmv/data/test_matrices_3/bcsstk31.mtx: bcsr_1x1, wall time: 0.053967s, L3 cache miss ratio: 93.120%
/root/spmv_bcsr/spmv/data/test_matrices_3/wiki-RfA.mtx: bcsr_1x1, wall time: 0.011312s, L3 cache miss ratio: 42.921%
/root/spmv_bcsr/spmv/data/test_matrices_3/ship_001.mtx: bcsr_1x2, wall time: 0.020209s, L3 cache miss ratio: 80.099%
/root/spmv_bcsr/spmv/data/test_matrices_3/bcsstk31.mtx: bcsr_1x2, wall time: 0.052694s, L3 cache miss ratio: 93.094%
/root/spmv_bcsr/spmv/data/test_matrices_3/sc205-2r.mtx: bcsr_1x2, wall time: 0.002102s, L3 cache miss ratio: 47.913%
/root/spmv_bcsr/spmv/data/test_matrices_3/wiki-RfA.mtx: bcsr_1x2, wall time: 0.020080s, L3 cache miss ratio: 38.461%
/root/spmv_bcsr/spmv/data/test_matrices_3/ship_001.mtx: bcsr_1x3, wall time: 0.019693s, L3 cache miss ratio: 81.000%
/root/spmv_bcsr/spmv/data/test_matrices_3/bcsstk31.mtx: bcsr_1x3, wall time: 0.052354s, L3 cache miss ratio: 92.069%
/root/spmv_bcsr/spmv/data/test_matrices_3/sc205-2r.mtx: bcsr_1x3, wall time: 0.002754s, L3 cache miss ratio: 49.981%
/root/spmv_bcsr/spmv/data/test_matrices_3/wiki-RfA.mtx: bcsr_1x3, wall time: 0.037264s, L3 cache miss ratio: 31.374%
/root/spmv_bcsr/spmv/data/test_matrices_3/ship_001.mtx: bcsr_1x4, wall time: 0.018370s, L3 cache miss ratio: 74.633%
/root/spmv_bcsr/spmv/data/test_matrices_3/bcsstk31.mtx: bcsr_1x4, wall time: 0.053083s, L3 cache miss ratio: 91.764%
/root/spmv_bcsr/spmv/data/test_matrices_3/sc205-2r.mtx: bcsr_1x4, wall time: 0.002996s, L3 cache miss ratio: 48.780%
/root/spmv_bcsr/spmv/data/test_matrices_3/wiki-RfA.mtx: bcsr_1x4, wall time: 0.058969s, L3 cache miss ratio: 27.752%
/root/spmv_bcsr/spmv/data/test_matrices_3/ship_001.mtx: bcsr_1x5, wall time: 0.019091s, L3 cache miss ratio: 76.253%
/root/spmv_bcsr/spmv/data/test_matrices_3/bcsstk31.mtx: bcsr_1x5, wall time: 0.053576s, L3 cache miss ratio: 92.057%
/root/spmv_bcsr/spmv/data/test_matrices_3/sc205-2r.mtx: bcsr_1x5, wall time: 0.003480s, L3 cache miss ratio: 55.261%
/root/spmv_bcsr/spmv/data/test_matrices_3/wiki-RfA.mtx: bcsr_1x5, wall time: 0.073359s, L3 cache miss ratio: 36.662%
/root/spmv_bcsr/spmv/data/test_matrices_3/ship_001.mtx: bcsr_1x6, wall time: 0.019868s, L3 cache miss ratio: 74.400%
/root/spmv_bcsr/spmv/data/test_matrices_3/bcsstk31.mtx: bcsr_1x6, wall time: 0.053797s, L3 cache miss ratio: 93.611%
/root/spmv_bcsr/spmv/data/test_matrices_3/sc205-2r.mtx: bcsr_1x6, wall time: 0.003784s, L3 cache miss ratio: 58.059%
/root/spmv_bcsr/spmv/data/test_matrices_3/wiki-RfA.mtx: bcsr_1x6, wall time: 0.078740s, L3 cache miss ratio: 31.436%
/root/spmv_bcsr/spmv/data/test_matrices_3/ship_001.mtx: bcsr_1x7, wall time: 0.020828s, L3 cache miss ratio: 73.978%
/root/spmv_bcsr/spmv/data/test_matrices_3/bcsstk31.mtx: bcsr_1x7, wall time: 0.054131s, L3 cache miss ratio: 91.556%
/root/spmv_bcsr/spmv/data/test_matrices_3/sc205-2r.mtx: bcsr_1x7, wall time: 0.004254s, L3 cache miss ratio: 61.616%
/root/spmv_bcsr/spmv/data/test_matrices_3/wiki-RfA.mtx: bcsr_1x7, wall time: 0.082432s, L3 cache miss ratio: 25.613%
/root/spmv_bcsr/spmv/data/test_matrices_3/ship_001.mtx: bcsr_1x8, wall time: 0.021852s, L3 cache miss ratio: 71.955%
/root/spmv_bcsr/spmv/data/test_matrices_3/bcsstk31.mtx: bcsr_1x8, wall time: 0.053985s, L3 cache miss ratio: 91.455%
/root/spmv_bcsr/spmv/data/test_matrices_3/sc205-2r.mtx: bcsr_1x8, wall time: 0.004445s, L3 cache miss ratio: 65.005%
/root/spmv_bcsr/spmv/data/test_matrices_3/ship_001.mtx: bcsr_1x9, wall time: 0.024232s, L3 cache miss ratio: 78.101%
/root/spmv_bcsr/spmv/data/test_matrices_3/bcsstk31.mtx: bcsr_1x9, wall time: 0.055412s, L3 cache miss ratio: 92.623%
/root/spmv_bcsr/spmv/data/test_matrices_3/sc205-2r.mtx: bcsr_1x9, wall time: 0.005063s, L3 cache miss ratio: 68.274%
/root/spmv_bcsr/spmv/data/test_matrices_3/ship_001.mtx: bcsr_1x10, wall time: 0.025671s, L3 cache miss ratio: 78.781%
/root/spmv_bcsr/spmv/data/test_matrices_3/bcsstk31.mtx: bcsr_1x10, wall time: 0.055993s, L3 cache miss ratio: 92.289%
/root/spmv_bcsr/spmv/data/test_matrices_3/sc205-2r.mtx: bcsr_1x10, wall time: 0.005657s, L3 cache miss ratio: 70.039%
/root/spmv_bcsr/spmv/data/test_matrices_3/ship_001.mtx: bcsr_1x11, wall time: 0.028403s, L3 cache miss ratio: 78.227%
/root/spmv_bcsr/spmv/data/test_matrices_3/bcsstk31.mtx: bcsr_1x11, wall time: 0.057767s, L3 cache miss ratio: 91.425%
/root/spmv_bcsr/spmv/data/test_matrices_3/sc205-2r.mtx: bcsr_1x11, wall time: 0.005956s, L3 cache miss ratio: 64.005%
/root/spmv_bcsr/spmv/data/test_matrices_3/ship_001.mtx: bcsr_1x12, wall time: 0.027874s, L3 cache miss ratio: 77.459%
/root/spmv_bcsr/spmv/data/test_matrices_3/bcsstk31.mtx: bcsr_1x12, wall time: 0.057366s, L3 cache miss ratio: 91.112%
/root/spmv_bcsr/spmv/data/test_matrices_3/sc205-2r.mtx: bcsr_1x12, wall time: 0.006613s, L3 cache miss ratio: 71.676%
/root/spmv_bcsr/spmv/data/test_matrices_3/ship_001.mtx: bcsr_2x1, wall time: 0.018919s, L3 cache miss ratio: 79.014%
/root/spmv_bcsr/spmv/data/test_matrices_3/bcsstk31.mtx: bcsr_2x1, wall time: 0.052135s, L3 cache miss ratio: 92.531%
/root/spmv_bcsr/spmv/data/test_matrices_3/sc205-2r.mtx: bcsr_2x1, wall time: 0.002032s, L3 cache miss ratio: 49.730%
/root/spmv_bcsr/spmv/data/test_matrices_3/wiki-RfA.mtx: bcsr_2x1, wall time: 0.019959s, L3 cache miss ratio: 44.009%
/root/spmv_bcsr/spmv/data/test_matrices_3/ship_001.mtx: bcsr_2x2, wall time: 0.015965s, L3 cache miss ratio: 81.875%
/root/spmv_bcsr/spmv/data/test_matrices_3/bcsstk31.mtx: bcsr_2x2, wall time: 0.050814s, L3 cache miss ratio: 92.004%
/root/spmv_bcsr/spmv/data/test_matrices_3/sc205-2r.mtx: bcsr_2x2, wall time: 0.002291s, L3 cache miss ratio: 42.875%
/root/spmv_bcsr/spmv/data/test_matrices_3/wiki-RfA.mtx: bcsr_2x2, wall time: 0.058028s, L3 cache miss ratio: 26.962%
/root/spmv_bcsr/spmv/data/test_matrices_3/ship_001.mtx: bcsr_2x3, wall time: 0.015390s, L3 cache miss ratio: 76.276%
/root/spmv_bcsr/spmv/data/test_matrices_3/bcsstk31.mtx: bcsr_2x3, wall time: 0.051019s, L3 cache miss ratio: 91.774%
/root/spmv_bcsr/spmv/data/test_matrices_3/sc205-2r.mtx: bcsr_2x3, wall time: 0.002432s, L3 cache miss ratio: 48.195%
/root/spmv_bcsr/spmv/data/test_matrices_3/wiki-RfA.mtx: bcsr_2x3, wall time: 0.076208s, L3 cache miss ratio: 29.874%
/root/spmv_bcsr/spmv/data/test_matrices_3/ship_001.mtx: bcsr_2x4, wall time: 0.014874s, L3 cache miss ratio: 74.366%
/root/spmv_bcsr/spmv/data/test_matrices_3/bcsstk31.mtx: bcsr_2x4, wall time: 0.050532s, L3 cache miss ratio: 91.111%
/root/spmv_bcsr/spmv/data/test_matrices_3/sc205-2r.mtx: bcsr_2x4, wall time: 0.002592s, L3 cache miss ratio: 43.390%
/root/spmv_bcsr/spmv/data/test_matrices_3/ship_001.mtx: bcsr_2x5, wall time: 0.015432s, L3 cache miss ratio: 78.382%
/root/spmv_bcsr/spmv/data/test_matrices_3/bcsstk31.mtx: bcsr_2x5, wall time: 0.051258s, L3 cache miss ratio: 92.856%
/root/spmv_bcsr/spmv/data/test_matrices_3/sc205-2r.mtx: bcsr_2x5, wall time: 0.002934s, L3 cache miss ratio: 46.459%
/root/spmv_bcsr/spmv/data/test_matrices_3/ship_001.mtx: bcsr_2x6, wall time: 0.015772s, L3 cache miss ratio: 77.026%
/root/spmv_bcsr/spmv/data/test_matrices_3/bcsstk31.mtx: bcsr_2x6, wall time: 0.051725s, L3 cache miss ratio: 92.733%
/root/spmv_bcsr/spmv/data/test_matrices_3/sc205-2r.mtx: bcsr_2x6, wall time: 0.003303s, L3 cache miss ratio: 51.676%
/root/spmv_bcsr/spmv/data/test_matrices_3/ship_001.mtx: bcsr_2x7, wall time: 0.016412s, L3 cache miss ratio: 82.562%
/root/spmv_bcsr/spmv/data/test_matrices_3/bcsstk31.mtx: bcsr_2x7, wall time: 0.052155s, L3 cache miss ratio: 92.563%
/root/spmv_bcsr/spmv/data/test_matrices_3/sc205-2r.mtx: bcsr_2x7, wall time: 0.003478s, L3 cache miss ratio: 39.318%
/root/spmv_bcsr/spmv/data/test_matrices_3/ship_001.mtx: bcsr_2x8, wall time: 0.016667s, L3 cache miss ratio: 79.158%
/root/spmv_bcsr/spmv/data/test_matrices_3/bcsstk31.mtx: bcsr_2x8, wall time: 0.051911s, L3 cache miss ratio: 90.278%
/root/spmv_bcsr/spmv/data/test_matrices_3/sc205-2r.mtx: bcsr_2x8, wall time: 0.003614s, L3 cache miss ratio: 57.034%
/root/spmv_bcsr/spmv/data/test_matrices_3/ship_001.mtx: bcsr_2x9, wall time: 0.017845s, L3 cache miss ratio: 84.322%
/root/spmv_bcsr/spmv/data/test_matrices_3/bcsstk31.mtx: bcsr_2x9, wall time: 0.052790s, L3 cache miss ratio: 92.711%
/root/spmv_bcsr/spmv/data/test_matrices_3/sc205-2r.mtx: bcsr_2x9, wall time: 0.004038s, L3 cache miss ratio: 49.204%
/root/spmv_bcsr/spmv/data/test_matrices_3/ship_001.mtx: bcsr_2x10, wall time: 0.018627s, L3 cache miss ratio: 86.699%
/root/spmv_bcsr/spmv/data/test_matrices_3/bcsstk31.mtx: bcsr_2x10, wall time: 0.053138s, L3 cache miss ratio: 91.494%
/root/spmv_bcsr/spmv/data/test_matrices_3/sc205-2r.mtx: bcsr_2x10, wall time: 0.004326s, L3 cache miss ratio: 56.768%
/root/spmv_bcsr/spmv/data/test_matrices_3/ship_001.mtx: bcsr_2x11, wall time: 0.020057s, L3 cache miss ratio: 85.871%
/root/spmv_bcsr/spmv/data/test_matrices_3/bcsstk31.mtx: bcsr_2x11, wall time: 0.054172s, L3 cache miss ratio: 91.849%
/root/spmv_bcsr/spmv/data/test_matrices_3/sc205-2r.mtx: bcsr_2x11, wall time: 0.004642s, L3 cache miss ratio: 53.046%
/root/spmv_bcsr/spmv/data/test_matrices_3/ship_001.mtx: bcsr_2x12, wall time: 0.019481s, L3 cache miss ratio: 83.886%
/root/spmv_bcsr/spmv/data/test_matrices_3/bcsstk31.mtx: bcsr_2x12, wall time: 0.053840s, L3 cache miss ratio: 91.110%
/root/spmv_bcsr/spmv/data/test_matrices_3/sc205-2r.mtx: bcsr_2x12, wall time: 0.004938s, L3 cache miss ratio: 64.859%
/root/spmv_bcsr/spmv/data/test_matrices_3/ship_001.mtx: bcsr_3x1, wall time: 0.017667s, L3 cache miss ratio: 76.840%
/root/spmv_bcsr/spmv/data/test_matrices_3/bcsstk31.mtx: bcsr_3x1, wall time: 0.051925s, L3 cache miss ratio: 92.850%
/root/spmv_bcsr/spmv/data/test_matrices_3/sc205-2r.mtx: bcsr_3x1, wall time: 0.002385s, L3 cache miss ratio: 47.987%
/root/spmv_bcsr/spmv/data/test_matrices_3/wiki-RfA.mtx: bcsr_3x1, wall time: 0.036747s, L3 cache miss ratio: 36.546%
/root/spmv_bcsr/spmv/data/test_matrices_3/ship_001.mtx: bcsr_3x2, wall time: 0.014928s, L3 cache miss ratio: 77.924%
/root/spmv_bcsr/spmv/data/test_matrices_3/bcsstk31.mtx: bcsr_3x2, wall time: 0.050893s, L3 cache miss ratio: 91.992%
/root/spmv_bcsr/spmv/data/test_matrices_3/sc205-2r.mtx: bcsr_3x2, wall time: 0.002205s, L3 cache miss ratio: 37.514%
/root/spmv_bcsr/spmv/data/test_matrices_3/wiki-RfA.mtx: bcsr_3x2, wall time: 0.076069s, L3 cache miss ratio: 29.161%
/root/spmv_bcsr/spmv/data/test_matrices_3/ship_001.mtx: bcsr_3x3, wall time: 0.014097s, L3 cache miss ratio: 78.878%
/root/spmv_bcsr/spmv/data/test_matrices_3/bcsstk31.mtx: bcsr_3x3, wall time: 0.050479s, L3 cache miss ratio: 91.104%
/root/spmv_bcsr/spmv/data/test_matrices_3/sc205-2r.mtx: bcsr_3x3, wall time: 0.002733s, L3 cache miss ratio: 36.929%
/root/spmv_bcsr/spmv/data/test_matrices_3/ship_001.mtx: bcsr_3x4, wall time: 0.014072s, L3 cache miss ratio: 81.424%
/root/spmv_bcsr/spmv/data/test_matrices_3/bcsstk31.mtx: bcsr_3x4, wall time: 0.050528s, L3 cache miss ratio: 92.630%
/root/spmv_bcsr/spmv/data/test_matrices_3/sc205-2r.mtx: bcsr_3x4, wall time: 0.002627s, L3 cache miss ratio: 34.969%
/root/spmv_bcsr/spmv/data/test_matrices_3/ship_001.mtx: bcsr_3x5, wall time: 0.014205s, L3 cache miss ratio: 83.449%
/root/spmv_bcsr/spmv/data/test_matrices_3/bcsstk31.mtx: bcsr_3x5, wall time: 0.050987s, L3 cache miss ratio: 91.586%
/root/spmv_bcsr/spmv/data/test_matrices_3/sc205-2r.mtx: bcsr_3x5, wall time: 0.002921s, L3 cache miss ratio: 39.377%
/root/spmv_bcsr/spmv/data/test_matrices_3/ship_001.mtx: bcsr_3x6, wall time: 0.014572s, L3 cache miss ratio: 84.843%
/root/spmv_bcsr/spmv/data/test_matrices_3/bcsstk31.mtx: bcsr_3x6, wall time: 0.051168s, L3 cache miss ratio: 91.586%
/root/spmv_bcsr/spmv/data/test_matrices_3/sc205-2r.mtx: bcsr_3x6, wall time: 0.003099s, L3 cache miss ratio: 36.940%
/root/spmv_bcsr/spmv/data/test_matrices_3/ship_001.mtx: bcsr_3x7, wall time: 0.015241s, L3 cache miss ratio: 86.260%
/root/spmv_bcsr/spmv/data/test_matrices_3/bcsstk31.mtx: bcsr_3x7, wall time: 0.051614s, L3 cache miss ratio: 91.756%
/root/spmv_bcsr/spmv/data/test_matrices_3/sc205-2r.mtx: bcsr_3x7, wall time: 0.003310s, L3 cache miss ratio: 41.354%
/root/spmv_bcsr/spmv/data/test_matrices_3/ship_001.mtx: bcsr_3x8, wall time: 0.015551s, L3 cache miss ratio: 83.292%
/root/spmv_bcsr/spmv/data/test_matrices_3/bcsstk31.mtx: bcsr_3x8, wall time: 0.051504s, L3 cache miss ratio: 90.889%
/root/spmv_bcsr/spmv/data/test_matrices_3/sc205-2r.mtx: bcsr_3x8, wall time: 0.003476s, L3 cache miss ratio: 49.647%
/root/spmv_bcsr/spmv/data/test_matrices_3/ship_001.mtx: bcsr_3x9, wall time: 0.016641s, L3 cache miss ratio: 85.703%
/root/spmv_bcsr/spmv/data/test_matrices_3/bcsstk31.mtx: bcsr_3x9, wall time: 0.052225s, L3 cache miss ratio: 92.839%
/root/spmv_bcsr/spmv/data/test_matrices_3/sc205-2r.mtx: bcsr_3x9, wall time: 0.003709s, L3 cache miss ratio: 45.625%
/root/spmv_bcsr/spmv/data/test_matrices_3/ship_001.mtx: bcsr_3x10, wall time: 0.017655s, L3 cache miss ratio: 86.918%
/root/spmv_bcsr/spmv/data/test_matrices_3/bcsstk31.mtx: bcsr_3x10, wall time: 0.052586s, L3 cache miss ratio: 91.862%
/root/spmv_bcsr/spmv/data/test_matrices_3/sc205-2r.mtx: bcsr_3x10, wall time: 0.004200s, L3 cache miss ratio: 56.770%
/root/spmv_bcsr/spmv/data/test_matrices_3/ship_001.mtx: bcsr_3x11, wall time: 0.018633s, L3 cache miss ratio: 90.095%
/root/spmv_bcsr/spmv/data/test_matrices_3/bcsstk31.mtx: bcsr_3x11, wall time: 0.053342s, L3 cache miss ratio: 92.727%
/root/spmv_bcsr/spmv/data/test_matrices_3/sc205-2r.mtx: bcsr_3x11, wall time: 0.004372s, L3 cache miss ratio: 53.961%
/root/spmv_bcsr/spmv/data/test_matrices_3/ship_001.mtx: bcsr_3x12, wall time: 0.018455s, L3 cache miss ratio: 89.068%
/root/spmv_bcsr/spmv/data/test_matrices_3/bcsstk31.mtx: bcsr_3x12, wall time: 0.053191s, L3 cache miss ratio: 92.015%
/root/spmv_bcsr/spmv/data/test_matrices_3/sc205-2r.mtx: bcsr_3x12, wall time: 0.004544s, L3 cache miss ratio: 62.967%
/root/spmv_bcsr/spmv/data/test_matrices_3/ship_001.mtx: bcsr_4x1, wall time: 0.016829s, L3 cache miss ratio: 82.373%
/root/spmv_bcsr/spmv/data/test_matrices_3/bcsstk31.mtx: bcsr_4x1, wall time: 0.051781s, L3 cache miss ratio: 92.744%
/root/spmv_bcsr/spmv/data/test_matrices_3/sc205-2r.mtx: bcsr_4x1, wall time: 0.002957s, L3 cache miss ratio: 47.420%
/root/spmv_bcsr/spmv/data/test_matrices_3/wiki-RfA.mtx: bcsr_4x1, wall time: 0.004336s, L3 cache miss ratio: 41.989%
/root/spmv_bcsr/spmv/data/test_matrices_3/ship_001.mtx: bcsr_4x2, wall time: 0.013898s, L3 cache miss ratio: 76.415%
/root/spmv_bcsr/spmv/data/test_matrices_3/bcsstk31.mtx: bcsr_4x2, wall time: 0.050193s, L3 cache miss ratio: 90.878%
/root/spmv_bcsr/spmv/data/test_matrices_3/sc205-2r.mtx: bcsr_4x2, wall time: 0.002373s, L3 cache miss ratio: 38.533%
/root/spmv_bcsr/spmv/data/test_matrices_3/wiki-RfA.mtx: bcsr_4x2, wall time: 0.006291s, L3 cache miss ratio: 36.051%
/root/spmv_bcsr/spmv/data/test_matrices_3/ship_001.mtx: bcsr_4x3, wall time: 0.012946s, L3 cache miss ratio: 81.189%
/root/spmv_bcsr/spmv/data/test_matrices_3/bcsstk31.mtx: bcsr_4x3, wall time: 0.050397s, L3 cache miss ratio: 92.444%
/root/spmv_bcsr/spmv/data/test_matrices_3/sc205-2r.mtx: bcsr_4x3, wall time: 0.002510s, L3 cache miss ratio: 36.141%
/root/spmv_bcsr/spmv/data/test_matrices_3/wiki-RfA.mtx: bcsr_4x3, wall time: 0.008015s, L3 cache miss ratio: 34.968%
/root/spmv_bcsr/spmv/data/test_matrices_3/ship_001.mtx: bcsr_4x4, wall time: 0.012747s, L3 cache miss ratio: 77.305%
/root/spmv_bcsr/spmv/data/test_matrices_3/bcsstk31.mtx: bcsr_4x4, wall time: 0.050403s, L3 cache miss ratio: 88.128%
/root/spmv_bcsr/spmv/data/test_matrices_3/sc205-2r.mtx: bcsr_4x4, wall time: 0.002749s, L3 cache miss ratio: 55.640%
/root/spmv_bcsr/spmv/data/test_matrices_3/wiki-RfA.mtx: bcsr_4x4, wall time: 0.009699s, L3 cache miss ratio: 32.177%
/root/spmv_bcsr/spmv/data/test_matrices_3/ship_001.mtx: bcsr_4x5, wall time: 0.012924s, L3 cache miss ratio: 85.601%
/root/spmv_bcsr/spmv/data/test_matrices_3/bcsstk31.mtx: bcsr_4x5, wall time: 0.050744s, L3 cache miss ratio: 90.862%
/root/spmv_bcsr/spmv/data/test_matrices_3/sc205-2r.mtx: bcsr_4x5, wall time: 0.002816s, L3 cache miss ratio: 35.633%
/root/spmv_bcsr/spmv/data/test_matrices_3/wiki-RfA.mtx: bcsr_4x5, wall time: 0.011648s, L3 cache miss ratio: 42.653%
/root/spmv_bcsr/spmv/data/test_matrices_3/ship_001.mtx: bcsr_4x6, wall time: 0.013883s, L3 cache miss ratio: 83.717%
/root/spmv_bcsr/spmv/data/test_matrices_3/bcsstk31.mtx: bcsr_4x6, wall time: 0.051124s, L3 cache miss ratio: 90.720%
/root/spmv_bcsr/spmv/data/test_matrices_3/sc205-2r.mtx: bcsr_4x6, wall time: 0.003220s, L3 cache miss ratio: 51.948%
/root/spmv_bcsr/spmv/data/test_matrices_3/wiki-RfA.mtx: bcsr_4x6, wall time: 0.013751s, L3 cache miss ratio: 32.264%
/root/spmv_bcsr/spmv/data/test_matrices_3/ship_001.mtx: bcsr_4x7, wall time: 0.013901s, L3 cache miss ratio: 83.854%
/root/spmv_bcsr/spmv/data/test_matrices_3/bcsstk31.mtx: bcsr_4x7, wall time: 0.051381s, L3 cache miss ratio: 91.425%
/root/spmv_bcsr/spmv/data/test_matrices_3/sc205-2r.mtx: bcsr_4x7, wall time: 0.003221s, L3 cache miss ratio: 46.028%
/root/spmv_bcsr/spmv/data/test_matrices_3/wiki-RfA.mtx: bcsr_4x7, wall time: 0.015130s, L3 cache miss ratio: 42.747%
/root/spmv_bcsr/spmv/data/test_matrices_3/ship_001.mtx: bcsr_4x8, wall time: 0.014323s, L3 cache miss ratio: 86.243%
/root/spmv_bcsr/spmv/data/test_matrices_3/bcsstk31.mtx: bcsr_4x8, wall time: 0.051285s, L3 cache miss ratio: 88.094%
/root/spmv_bcsr/spmv/data/test_matrices_3/sc205-2r.mtx: bcsr_4x8, wall time: 0.003446s, L3 cache miss ratio: 66.869%
/root/spmv_bcsr/spmv/data/test_matrices_3/wiki-RfA.mtx: bcsr_4x8, wall time: 0.016794s, L3 cache miss ratio: 39.722%
/root/spmv_bcsr/spmv/data/test_matrices_3/ship_001.mtx: bcsr_4x9, wall time: 0.015470s, L3 cache miss ratio: 88.524%
/root/spmv_bcsr/spmv/data/test_matrices_3/bcsstk31.mtx: bcsr_4x9, wall time: 0.051879s, L3 cache miss ratio: 92.414%
/root/spmv_bcsr/spmv/data/test_matrices_3/sc205-2r.mtx: bcsr_4x9, wall time: 0.003777s, L3 cache miss ratio: 55.168%
/root/spmv_bcsr/spmv/data/test_matrices_3/wiki-RfA.mtx: bcsr_4x9, wall time: 0.018893s, L3 cache miss ratio: 48.958%
/root/spmv_bcsr/spmv/data/test_matrices_3/ship_001.mtx: bcsr_4x10, wall time: 0.016163s, L3 cache miss ratio: 89.606%
/root/spmv_bcsr/spmv/data/test_matrices_3/bcsstk31.mtx: bcsr_4x10, wall time: 0.052166s, L3 cache miss ratio: 92.750%
/root/spmv_bcsr/spmv/data/test_matrices_3/sc205-2r.mtx: bcsr_4x10, wall time: 0.004000s, L3 cache miss ratio: 63.698%
/root/spmv_bcsr/spmv/data/test_matrices_3/wiki-RfA.mtx: bcsr_4x10, wall time: 0.020755s, L3 cache miss ratio: 51.736%
/root/spmv_bcsr/spmv/data/test_matrices_3/ship_001.mtx: bcsr_4x11, wall time: 0.017014s, L3 cache miss ratio: 90.844%
/root/spmv_bcsr/spmv/data/test_matrices_3/bcsstk31.mtx: bcsr_4x11, wall time: 0.052857s, L3 cache miss ratio: 93.574%
/root/spmv_bcsr/spmv/data/test_matrices_3/sc205-2r.mtx: bcsr_4x11, wall time: 0.004350s, L3 cache miss ratio: 61.651%
/root/spmv_bcsr/spmv/data/test_matrices_3/wiki-RfA.mtx: bcsr_4x11, wall time: 0.023256s, L3 cache miss ratio: 51.700%
/root/spmv_bcsr/spmv/data/test_matrices_3/ship_001.mtx: bcsr_4x12, wall time: 0.016999s, L3 cache miss ratio: 91.077%
/root/spmv_bcsr/spmv/data/test_matrices_3/bcsstk31.mtx: bcsr_4x12, wall time: 0.052770s, L3 cache miss ratio: 94.062%
/root/spmv_bcsr/spmv/data/test_matrices_3/sc205-2r.mtx: bcsr_4x12, wall time: 0.004709s, L3 cache miss ratio: 73.857%
/root/spmv_bcsr/spmv/data/test_matrices_3/wiki-RfA.mtx: bcsr_4x12, wall time: 0.024805s, L3 cache miss ratio: 52.176%
/root/spmv_bcsr/spmv/data/test_matrices_3/ship_001.mtx: bcsr_5x1, wall time: 0.015417s, L3 cache miss ratio: 76.577%
/root/spmv_bcsr/spmv/data/test_matrices_3/bcsstk31.mtx: bcsr_5x1, wall time: 0.052147s, L3 cache miss ratio: 91.686%
/root/spmv_bcsr/spmv/data/test_matrices_3/sc205-2r.mtx: bcsr_5x1, wall time: 0.002793s, L3 cache miss ratio: 53.825%
/root/spmv_bcsr/spmv/data/test_matrices_3/wiki-RfA.mtx: bcsr_5x1, wall time: 0.004901s, L3 cache miss ratio: 35.106%
/root/spmv_bcsr/spmv/data/test_matrices_3/ship_001.mtx: bcsr_5x2, wall time: 0.012761s, L3 cache miss ratio: 81.561%
/root/spmv_bcsr/spmv/data/test_matrices_3/bcsstk31.mtx: bcsr_5x2, wall time: 0.050679s, L3 cache miss ratio: 92.152%
/root/spmv_bcsr/spmv/data/test_matrices_3/sc205-2r.mtx: bcsr_5x2, wall time: 0.002414s, L3 cache miss ratio: 43.239%
/root/spmv_bcsr/spmv/data/test_matrices_3/wiki-RfA.mtx: bcsr_5x2, wall time: 0.007052s, L3 cache miss ratio: 36.368%
/root/spmv_bcsr/spmv/data/test_matrices_3/ship_001.mtx: bcsr_5x3, wall time: 0.012332s, L3 cache miss ratio: 82.319%
/root/spmv_bcsr/spmv/data/test_matrices_3/bcsstk31.mtx: bcsr_5x3, wall time: 0.050540s, L3 cache miss ratio: 91.842%
/root/spmv_bcsr/spmv/data/test_matrices_3/sc205-2r.mtx: bcsr_5x3, wall time: 0.002610s, L3 cache miss ratio: 36.195%
/root/spmv_bcsr/spmv/data/test_matrices_3/wiki-RfA.mtx: bcsr_5x3, wall time: 0.009150s, L3 cache miss ratio: 37.601%
/root/spmv_bcsr/spmv/data/test_matrices_3/ship_001.mtx: bcsr_5x4, wall time: 0.012118s, L3 cache miss ratio: 87.363%
/root/spmv_bcsr/spmv/data/test_matrices_3/bcsstk31.mtx: bcsr_5x4, wall time: 0.050518s, L3 cache miss ratio: 92.014%
/root/spmv_bcsr/spmv/data/test_matrices_3/sc205-2r.mtx: bcsr_5x4, wall time: 0.002610s, L3 cache miss ratio: 37.343%
/root/spmv_bcsr/spmv/data/test_matrices_3/wiki-RfA.mtx: bcsr_5x4, wall time: 0.010944s, L3 cache miss ratio: 41.051%
/root/spmv_bcsr/spmv/data/test_matrices_3/ship_001.mtx: bcsr_5x5, wall time: 0.012045s, L3 cache miss ratio: 87.747%
/root/spmv_bcsr/spmv/data/test_matrices_3/bcsstk31.mtx: bcsr_5x5, wall time: 0.050958s, L3 cache miss ratio: 91.062%
/root/spmv_bcsr/spmv/data/test_matrices_3/sc205-2r.mtx: bcsr_5x5, wall time: 0.002798s, L3 cache miss ratio: 40.634%
/root/spmv_bcsr/spmv/data/test_matrices_3/wiki-RfA.mtx: bcsr_5x5, wall time: 0.013236s, L3 cache miss ratio: 45.258%
/root/spmv_bcsr/spmv/data/test_matrices_3/ship_001.mtx: bcsr_5x6, wall time: 0.012859s, L3 cache miss ratio: 86.774%
/root/spmv_bcsr/spmv/data/test_matrices_3/bcsstk31.mtx: bcsr_5x6, wall time: 0.051501s, L3 cache miss ratio: 91.181%
/root/spmv_bcsr/spmv/data/test_matrices_3/sc205-2r.mtx: bcsr_5x6, wall time: 0.003197s, L3 cache miss ratio: 48.241%
/root/spmv_bcsr/spmv/data/test_matrices_3/wiki-RfA.mtx: bcsr_5x6, wall time: 0.015295s, L3 cache miss ratio: 40.763%
/root/spmv_bcsr/spmv/data/test_matrices_3/ship_001.mtx: bcsr_5x7, wall time: 0.013112s, L3 cache miss ratio: 80.712%
/root/spmv_bcsr/spmv/data/test_matrices_3/bcsstk31.mtx: bcsr_5x7, wall time: 0.051439s, L3 cache miss ratio: 90.969%
/root/spmv_bcsr/spmv/data/test_matrices_3/sc205-2r.mtx: bcsr_5x7, wall time: 0.003172s, L3 cache miss ratio: 43.656%
/root/spmv_bcsr/spmv/data/test_matrices_3/wiki-RfA.mtx: bcsr_5x7, wall time: 0.017236s, L3 cache miss ratio: 47.029%
/root/spmv_bcsr/spmv/data/test_matrices_3/ship_001.mtx: bcsr_5x8, wall time: 0.013568s, L3 cache miss ratio: 88.298%
/root/spmv_bcsr/spmv/data/test_matrices_3/bcsstk31.mtx: bcsr_5x8, wall time: 0.051526s, L3 cache miss ratio: 91.341%
/root/spmv_bcsr/spmv/data/test_matrices_3/sc205-2r.mtx: bcsr_5x8, wall time: 0.003380s, L3 cache miss ratio: 62.024%
/root/spmv_bcsr/spmv/data/test_matrices_3/wiki-RfA.mtx: bcsr_5x8, wall time: 0.018855s, L3 cache miss ratio: 46.401%
/root/spmv_bcsr/spmv/data/test_matrices_3/ship_001.mtx: bcsr_5x9, wall time: 0.014312s, L3 cache miss ratio: 88.905%
/root/spmv_bcsr/spmv/data/test_matrices_3/bcsstk31.mtx: bcsr_5x9, wall time: 0.052051s, L3 cache miss ratio: 92.290%
/root/spmv_bcsr/spmv/data/test_matrices_3/sc205-2r.mtx: bcsr_5x9, wall time: 0.003662s, L3 cache miss ratio: 57.829%
/root/spmv_bcsr/spmv/data/test_matrices_3/wiki-RfA.mtx: bcsr_5x9, wall time: 0.021297s, L3 cache miss ratio: 50.841%
/root/spmv_bcsr/spmv/data/test_matrices_3/ship_001.mtx: bcsr_5x10, wall time: 0.014947s, L3 cache miss ratio: 90.195%
/root/spmv_bcsr/spmv/data/test_matrices_3/bcsstk31.mtx: bcsr_5x10, wall time: 0.052041s, L3 cache miss ratio: 92.096%
/root/spmv_bcsr/spmv/data/test_matrices_3/sc205-2r.mtx: bcsr_5x10, wall time: 0.003968s, L3 cache miss ratio: 60.200%
/root/spmv_bcsr/spmv/data/test_matrices_3/wiki-RfA.mtx: bcsr_5x10, wall time: 0.023685s, L3 cache miss ratio: 55.000%
/root/spmv_bcsr/spmv/data/test_matrices_3/ship_001.mtx: bcsr_5x11, wall time: 0.016118s, L3 cache miss ratio: 90.404%
/root/spmv_bcsr/spmv/data/test_matrices_3/bcsstk31.mtx: bcsr_5x11, wall time: 0.052967s, L3 cache miss ratio: 93.244%
/root/spmv_bcsr/spmv/data/test_matrices_3/sc205-2r.mtx: bcsr_5x11, wall time: 0.004315s, L3 cache miss ratio: 62.597%
/root/spmv_bcsr/spmv/data/test_matrices_3/wiki-RfA.mtx: bcsr_5x11, wall time: 0.026617s, L3 cache miss ratio: 56.303%
/root/spmv_bcsr/spmv/data/test_matrices_3/ship_001.mtx: bcsr_5x12, wall time: 0.016257s, L3 cache miss ratio: 88.944%
/root/spmv_bcsr/spmv/data/test_matrices_3/bcsstk31.mtx: bcsr_5x12, wall time: 0.053044s, L3 cache miss ratio: 92.883%
/root/spmv_bcsr/spmv/data/test_matrices_3/sc205-2r.mtx: bcsr_5x12, wall time: 0.004492s, L3 cache miss ratio: 75.563%
/root/spmv_bcsr/spmv/data/test_matrices_3/wiki-RfA.mtx: bcsr_5x12, wall time: 0.027885s, L3 cache miss ratio: 49.984%
/root/spmv_bcsr/spmv/data/test_matrices_3/ship_001.mtx: bcsr_6x1, wall time: 0.015703s, L3 cache miss ratio: 77.970%
/root/spmv_bcsr/spmv/data/test_matrices_3/bcsstk31.mtx: bcsr_6x1, wall time: 0.052395s, L3 cache miss ratio: 90.124%
/root/spmv_bcsr/spmv/data/test_matrices_3/sc205-2r.mtx: bcsr_6x1, wall time: 0.002831s, L3 cache miss ratio: 48.709%
/root/spmv_bcsr/spmv/data/test_matrices_3/wiki-RfA.mtx: bcsr_6x1, wall time: 0.005413s, L3 cache miss ratio: 38.897%
/root/spmv_bcsr/spmv/data/test_matrices_3/ship_001.mtx: bcsr_6x2, wall time: 0.013237s, L3 cache miss ratio: 82.058%
/root/spmv_bcsr/spmv/data/test_matrices_3/bcsstk31.mtx: bcsr_6x2, wall time: 0.050694s, L3 cache miss ratio: 92.600%
/root/spmv_bcsr/spmv/data/test_matrices_3/sc205-2r.mtx: bcsr_6x2, wall time: 0.002604s, L3 cache miss ratio: 46.818%
/root/spmv_bcsr/spmv/data/test_matrices_3/wiki-RfA.mtx: bcsr_6x2, wall time: 0.007910s, L3 cache miss ratio: 38.317%
/root/spmv_bcsr/spmv/data/test_matrices_3/ship_001.mtx: bcsr_6x3, wall time: 0.012821s, L3 cache miss ratio: 87.348%
/root/spmv_bcsr/spmv/data/test_matrices_3/bcsstk31.mtx: bcsr_6x3, wall time: 0.050594s, L3 cache miss ratio: 92.466%
/root/spmv_bcsr/spmv/data/test_matrices_3/sc205-2r.mtx: bcsr_6x3, wall time: 0.002758s, L3 cache miss ratio: 40.478%
/root/spmv_bcsr/spmv/data/test_matrices_3/wiki-RfA.mtx: bcsr_6x3, wall time: 0.010330s, L3 cache miss ratio: 40.678%
/root/spmv_bcsr/spmv/data/test_matrices_3/ship_001.mtx: bcsr_6x4, wall time: 0.012889s, L3 cache miss ratio: 87.599%
/root/spmv_bcsr/spmv/data/test_matrices_3/bcsstk31.mtx: bcsr_6x4, wall time: 0.050775s, L3 cache miss ratio: 90.885%
/root/spmv_bcsr/spmv/data/test_matrices_3/sc205-2r.mtx: bcsr_6x4, wall time: 0.002838s, L3 cache miss ratio: 50.045%
/root/spmv_bcsr/spmv/data/test_matrices_3/wiki-RfA.mtx: bcsr_6x4, wall time: 0.012562s, L3 cache miss ratio: 35.451%
/root/spmv_bcsr/spmv/data/test_matrices_3/ship_001.mtx: bcsr_6x5, wall time: 0.013097s, L3 cache miss ratio: 87.791%
/root/spmv_bcsr/spmv/data/test_matrices_3/bcsstk31.mtx: bcsr_6x5, wall time: 0.051438s, L3 cache miss ratio: 91.534%
/root/spmv_bcsr/spmv/data/test_matrices_3/sc205-2r.mtx: bcsr_6x5, wall time: 0.003051s, L3 cache miss ratio: 51.500%
/root/spmv_bcsr/spmv/data/test_matrices_3/wiki-RfA.mtx: bcsr_6x5, wall time: 0.014942s, L3 cache miss ratio: 39.581%
/root/spmv_bcsr/spmv/data/test_matrices_3/ship_001.mtx: bcsr_6x6, wall time: 0.013187s, L3 cache miss ratio: 86.405%
/root/spmv_bcsr/spmv/data/test_matrices_3/bcsstk31.mtx: bcsr_6x6, wall time: 0.051463s, L3 cache miss ratio: 89.865%
/root/spmv_bcsr/spmv/data/test_matrices_3/sc205-2r.mtx: bcsr_6x6, wall time: 0.003253s, L3 cache miss ratio: 51.625%
/root/spmv_bcsr/spmv/data/test_matrices_3/wiki-RfA.mtx: bcsr_6x6, wall time: 0.017303s, L3 cache miss ratio: 46.294%
/root/spmv_bcsr/spmv/data/test_matrices_3/ship_001.mtx: bcsr_6x7, wall time: 0.013852s, L3 cache miss ratio: 84.646%
/root/spmv_bcsr/spmv/data/test_matrices_3/bcsstk31.mtx: bcsr_6x7, wall time: 0.051497s, L3 cache miss ratio: 90.995%
/root/spmv_bcsr/spmv/data/test_matrices_3/sc205-2r.mtx: bcsr_6x7, wall time: 0.003416s, L3 cache miss ratio: 53.965%
/root/spmv_bcsr/spmv/data/test_matrices_3/wiki-RfA.mtx: bcsr_6x7, wall time: 0.019509s, L3 cache miss ratio: 49.945%
/root/spmv_bcsr/spmv/data/test_matrices_3/ship_001.mtx: bcsr_6x8, wall time: 0.014436s, L3 cache miss ratio: 87.720%
/root/spmv_bcsr/spmv/data/test_matrices_3/bcsstk31.mtx: bcsr_6x8, wall time: 0.051639s, L3 cache miss ratio: 92.118%
/root/spmv_bcsr/spmv/data/test_matrices_3/sc205-2r.mtx: bcsr_6x8, wall time: 0.003568s, L3 cache miss ratio: 62.934%
/root/spmv_bcsr/spmv/data/test_matrices_3/wiki-RfA.mtx: bcsr_6x8, wall time: 0.021777s, L3 cache miss ratio: 41.178%
/root/spmv_bcsr/spmv/data/test_matrices_3/ship_001.mtx: bcsr_6x9, wall time: 0.015272s, L3 cache miss ratio: 83.807%
/root/spmv_bcsr/spmv/data/test_matrices_3/bcsstk31.mtx: bcsr_6x9, wall time: 0.052085s, L3 cache miss ratio: 92.073%
/root/spmv_bcsr/spmv/data/test_matrices_3/sc205-2r.mtx: bcsr_6x9, wall time: 0.003847s, L3 cache miss ratio: 61.535%
/root/spmv_bcsr/spmv/data/test_matrices_3/wiki-RfA.mtx: bcsr_6x9, wall time: 0.024522s, L3 cache miss ratio: 44.667%
/root/spmv_bcsr/spmv/data/test_matrices_3/ship_001.mtx: bcsr_6x10, wall time: 0.015860s, L3 cache miss ratio: 86.952%
/root/spmv_bcsr/spmv/data/test_matrices_3/bcsstk31.mtx: bcsr_6x10, wall time: 0.052448s, L3 cache miss ratio: 92.657%
/root/spmv_bcsr/spmv/data/test_matrices_3/sc205-2r.mtx: bcsr_6x10, wall time: 0.004146s, L3 cache miss ratio: 66.829%
/root/spmv_bcsr/spmv/data/test_matrices_3/wiki-RfA.mtx: bcsr_6x10, wall time: 0.026844s, L3 cache miss ratio: 51.383%
/root/spmv_bcsr/spmv/data/test_matrices_3/ship_001.mtx: bcsr_6x11, wall time: 0.016816s, L3 cache miss ratio: 90.951%
/root/spmv_bcsr/spmv/data/test_matrices_3/bcsstk31.mtx: bcsr_6x11, wall time: 0.053072s, L3 cache miss ratio: 92.051%
/root/spmv_bcsr/spmv/data/test_matrices_3/sc205-2r.mtx: bcsr_6x11, wall time: 0.004654s, L3 cache miss ratio: 76.551%
/root/spmv_bcsr/spmv/data/test_matrices_3/wiki-RfA.mtx: bcsr_6x11, wall time: 0.030017s, L3 cache miss ratio: 55.514%
/root/spmv_bcsr/spmv/data/test_matrices_3/ship_001.mtx: bcsr_6x12, wall time: 0.017015s, L3 cache miss ratio: 90.763%
/root/spmv_bcsr/spmv/data/test_matrices_3/bcsstk31.mtx: bcsr_6x12, wall time: 0.052992s, L3 cache miss ratio: 93.615%
/root/spmv_bcsr/spmv/data/test_matrices_3/sc205-2r.mtx: bcsr_6x12, wall time: 0.004774s, L3 cache miss ratio: 71.032%
/root/spmv_bcsr/spmv/data/test_matrices_3/wiki-RfA.mtx: bcsr_6x12, wall time: 0.032130s, L3 cache miss ratio: 59.796%
/root/spmv_bcsr/spmv/data/test_matrices_3/ship_001.mtx: bcsr_7x1, wall time: 0.015643s, L3 cache miss ratio: 77.810%
/root/spmv_bcsr/spmv/data/test_matrices_3/bcsstk31.mtx: bcsr_7x1, wall time: 0.053019s, L3 cache miss ratio: 89.523%
/root/spmv_bcsr/spmv/data/test_matrices_3/sc205-2r.mtx: bcsr_7x1, wall time: 0.003249s, L3 cache miss ratio: 57.701%
/root/spmv_bcsr/spmv/data/test_matrices_3/wiki-RfA.mtx: bcsr_7x1, wall time: 0.006060s, L3 cache miss ratio: 37.335%
/root/spmv_bcsr/spmv/data/test_matrices_3/ship_001.mtx: bcsr_7x2, wall time: 0.013462s, L3 cache miss ratio: 85.215%
/root/spmv_bcsr/spmv/data/test_matrices_3/bcsstk31.mtx: bcsr_7x2, wall time: 0.051095s, L3 cache miss ratio: 92.078%
/root/spmv_bcsr/spmv/data/test_matrices_3/sc205-2r.mtx: bcsr_7x2, wall time: 0.002765s, L3 cache miss ratio: 46.678%
/root/spmv_bcsr/spmv/data/test_matrices_3/wiki-RfA.mtx: bcsr_7x2, wall time: 0.008843s, L3 cache miss ratio: 39.413%
/root/spmv_bcsr/spmv/data/test_matrices_3/ship_001.mtx: bcsr_7x3, wall time: 0.012935s, L3 cache miss ratio: 87.346%
/root/spmv_bcsr/spmv/data/test_matrices_3/bcsstk31.mtx: bcsr_7x3, wall time: 0.050860s, L3 cache miss ratio: 90.818%
/root/spmv_bcsr/spmv/data/test_matrices_3/sc205-2r.mtx: bcsr_7x3, wall time: 0.002972s, L3 cache miss ratio: 46.041%
/root/spmv_bcsr/spmv/data/test_matrices_3/wiki-RfA.mtx: bcsr_7x3, wall time: 0.011531s, L3 cache miss ratio: 45.511%
/root/spmv_bcsr/spmv/data/test_matrices_3/ship_001.mtx: bcsr_7x4, wall time: 0.013049s, L3 cache miss ratio: 87.449%
/root/spmv_bcsr/spmv/data/test_matrices_3/bcsstk31.mtx: bcsr_7x4, wall time: 0.050987s, L3 cache miss ratio: 90.446%
/root/spmv_bcsr/spmv/data/test_matrices_3/sc205-2r.mtx: bcsr_7x4, wall time: 0.002957s, L3 cache miss ratio: 51.090%
/root/spmv_bcsr/spmv/data/test_matrices_3/wiki-RfA.mtx: bcsr_7x4, wall time: 0.014103s, L3 cache miss ratio: 42.571%
/root/spmv_bcsr/spmv/data/test_matrices_3/ship_001.mtx: bcsr_7x5, wall time: 0.012924s, L3 cache miss ratio: 75.255%
/root/spmv_bcsr/spmv/data/test_matrices_3/bcsstk31.mtx: bcsr_7x5, wall time: 0.051255s, L3 cache miss ratio: 92.413%
/root/spmv_bcsr/spmv/data/test_matrices_3/sc205-2r.mtx: bcsr_7x5, wall time: 0.003203s, L3 cache miss ratio: 43.046%
/root/spmv_bcsr/spmv/data/test_matrices_3/wiki-RfA.mtx: bcsr_7x5, wall time: 0.016854s, L3 cache miss ratio: 45.321%
/root/spmv_bcsr/spmv/data/test_matrices_3/ship_001.mtx: bcsr_7x6, wall time: 0.013244s, L3 cache miss ratio: 91.586%
/root/spmv_bcsr/spmv/data/test_matrices_3/bcsstk31.mtx: bcsr_7x6, wall time: 0.051553s, L3 cache miss ratio: 92.680%
/root/spmv_bcsr/spmv/data/test_matrices_3/sc205-2r.mtx: bcsr_7x6, wall time: 0.003516s, L3 cache miss ratio: 54.690%
/root/spmv_bcsr/spmv/data/test_matrices_3/wiki-RfA.mtx: bcsr_7x6, wall time: 0.019486s, L3 cache miss ratio: 55.188%
/root/spmv_bcsr/spmv/data/test_matrices_3/ship_001.mtx: bcsr_7x7, wall time: 0.013535s, L3 cache miss ratio: 88.757%
/root/spmv_bcsr/spmv/data/test_matrices_3/bcsstk31.mtx: bcsr_7x7, wall time: 0.051937s, L3 cache miss ratio: 91.023%
/root/spmv_bcsr/spmv/data/test_matrices_3/sc205-2r.mtx: bcsr_7x7, wall time: 0.003703s, L3 cache miss ratio: 58.260%
/root/spmv_bcsr/spmv/data/test_matrices_3/wiki-RfA.mtx: bcsr_7x7, wall time: 0.022371s, L3 cache miss ratio: 54.075%
/root/spmv_bcsr/spmv/data/test_matrices_3/ship_001.mtx: bcsr_7x8, wall time: 0.014490s, L3 cache miss ratio: 87.756%
/root/spmv_bcsr/spmv/data/test_matrices_3/bcsstk31.mtx: bcsr_7x8, wall time: 0.051960s, L3 cache miss ratio: 91.667%
/root/spmv_bcsr/spmv/data/test_matrices_3/sc205-2r.mtx: bcsr_7x8, wall time: 0.003705s, L3 cache miss ratio: 57.158%
/root/spmv_bcsr/spmv/data/test_matrices_3/wiki-RfA.mtx: bcsr_7x8, wall time: 0.024716s, L3 cache miss ratio: 52.711%
/root/spmv_bcsr/spmv/data/test_matrices_3/ship_001.mtx: bcsr_7x9, wall time: 0.015409s, L3 cache miss ratio: 89.779%
/root/spmv_bcsr/spmv/data/test_matrices_3/bcsstk31.mtx: bcsr_7x9, wall time: 0.052508s, L3 cache miss ratio: 93.434%
/root/spmv_bcsr/spmv/data/test_matrices_3/sc205-2r.mtx: bcsr_7x9, wall time: 0.003974s, L3 cache miss ratio: 61.060%
/root/spmv_bcsr/spmv/data/test_matrices_3/wiki-RfA.mtx: bcsr_7x9, wall time: 0.027814s, L3 cache miss ratio: 57.773%
/root/spmv_bcsr/spmv/data/test_matrices_3/ship_001.mtx: bcsr_7x10, wall time: 0.015991s, L3 cache miss ratio: 85.826%
/root/spmv_bcsr/spmv/data/test_matrices_3/bcsstk31.mtx: bcsr_7x10, wall time: 0.052795s, L3 cache miss ratio: 90.559%
/root/spmv_bcsr/spmv/data/test_matrices_3/sc205-2r.mtx: bcsr_7x10, wall time: 0.004335s, L3 cache miss ratio: 68.723%
/root/spmv_bcsr/spmv/data/test_matrices_3/wiki-RfA.mtx: bcsr_7x10, wall time: 0.030401s, L3 cache miss ratio: 53.857%
/root/spmv_bcsr/spmv/data/test_matrices_3/ship_001.mtx: bcsr_7x11, wall time: 0.016581s, L3 cache miss ratio: 86.795%
/root/spmv_bcsr/spmv/data/test_matrices_3/bcsstk31.mtx: bcsr_7x11, wall time: 0.053329s, L3 cache miss ratio: 91.274%
/root/spmv_bcsr/spmv/data/test_matrices_3/sc205-2r.mtx: bcsr_7x11, wall time: 0.004782s, L3 cache miss ratio: 74.368%
/root/spmv_bcsr/spmv/data/test_matrices_3/wiki-RfA.mtx: bcsr_7x11, wall time: 0.033852s, L3 cache miss ratio: 58.498%
/root/spmv_bcsr/spmv/data/test_matrices_3/ship_001.mtx: bcsr_7x12, wall time: 0.017602s, L3 cache miss ratio: 92.728%
/root/spmv_bcsr/spmv/data/test_matrices_3/bcsstk31.mtx: bcsr_7x12, wall time: 0.053671s, L3 cache miss ratio: 94.955%
/root/spmv_bcsr/spmv/data/test_matrices_3/sc205-2r.mtx: bcsr_7x12, wall time: 0.005015s, L3 cache miss ratio: 75.588%
/root/spmv_bcsr/spmv/data/test_matrices_3/wiki-RfA.mtx: bcsr_7x12, wall time: 0.037248s, L3 cache miss ratio: 68.004%
/root/spmv_bcsr/spmv/data/test_matrices_3/ship_001.mtx: bcsr_8x1, wall time: 0.016145s, L3 cache miss ratio: 76.278%
/root/spmv_bcsr/spmv/data/test_matrices_3/bcsstk31.mtx: bcsr_8x1, wall time: 0.052120s, L3 cache miss ratio: 92.620%
/root/spmv_bcsr/spmv/data/test_matrices_3/sc205-2r.mtx: bcsr_8x1, wall time: 0.003366s, L3 cache miss ratio: 72.035%
/root/spmv_bcsr/spmv/data/test_matrices_3/wiki-RfA.mtx: bcsr_8x1, wall time: 0.006628s, L3 cache miss ratio: 33.613%
/root/spmv_bcsr/spmv/data/test_matrices_3/ship_001.mtx: bcsr_8x2, wall time: 0.013408s, L3 cache miss ratio: 83.512%
/root/spmv_bcsr/spmv/data/test_matrices_3/bcsstk31.mtx: bcsr_8x2, wall time: 0.050945s, L3 cache miss ratio: 90.010%
/root/spmv_bcsr/spmv/data/test_matrices_3/sc205-2r.mtx: bcsr_8x2, wall time: 0.002903s, L3 cache miss ratio: 60.220%
/root/spmv_bcsr/spmv/data/test_matrices_3/wiki-RfA.mtx: bcsr_8x2, wall time: 0.009491s, L3 cache miss ratio: 39.467%
/root/spmv_bcsr/spmv/data/test_matrices_3/ship_001.mtx: bcsr_8x3, wall time: 0.013420s, L3 cache miss ratio: 86.361%
/root/spmv_bcsr/spmv/data/test_matrices_3/bcsstk31.mtx: bcsr_8x3, wall time: 0.050981s, L3 cache miss ratio: 89.823%
/root/spmv_bcsr/spmv/data/test_matrices_3/sc205-2r.mtx: bcsr_8x3, wall time: 0.003177s, L3 cache miss ratio: 56.899%
/root/spmv_bcsr/spmv/data/test_matrices_3/wiki-RfA.mtx: bcsr_8x3, wall time: 0.012620s, L3 cache miss ratio: 41.842%
/root/spmv_bcsr/spmv/data/test_matrices_3/ship_001.mtx: bcsr_8x4, wall time: 0.013257s, L3 cache miss ratio: 90.739%
/root/spmv_bcsr/spmv/data/test_matrices_3/bcsstk31.mtx: bcsr_8x4, wall time: 0.050791s, L3 cache miss ratio: 90.945%
/root/spmv_bcsr/spmv/data/test_matrices_3/sc205-2r.mtx: bcsr_8x4, wall time: 0.003139s, L3 cache miss ratio: 65.717%
/root/spmv_bcsr/spmv/data/test_matrices_3/wiki-RfA.mtx: bcsr_8x4, wall time: 0.015183s, L3 cache miss ratio: 52.174%
/root/spmv_bcsr/spmv/data/test_matrices_3/ship_001.mtx: bcsr_8x5, wall time: 0.013280s, L3 cache miss ratio: 90.307%
/root/spmv_bcsr/spmv/data/test_matrices_3/bcsstk31.mtx: bcsr_8x5, wall time: 0.051285s, L3 cache miss ratio: 92.385%
/root/spmv_bcsr/spmv/data/test_matrices_3/sc205-2r.mtx: bcsr_8x5, wall time: 0.003322s, L3 cache miss ratio: 57.274%
/root/spmv_bcsr/spmv/data/test_matrices_3/wiki-RfA.mtx: bcsr_8x5, wall time: 0.018345s, L3 cache miss ratio: 51.491%
/root/spmv_bcsr/spmv/data/test_matrices_3/ship_001.mtx: bcsr_8x6, wall time: 0.014165s, L3 cache miss ratio: 90.820%
/root/spmv_bcsr/spmv/data/test_matrices_3/bcsstk31.mtx: bcsr_8x6, wall time: 0.051553s, L3 cache miss ratio: 93.389%
/root/spmv_bcsr/spmv/data/test_matrices_3/sc205-2r.mtx: bcsr_8x6, wall time: 0.003703s, L3 cache miss ratio: 59.722%
/root/spmv_bcsr/spmv/data/test_matrices_3/wiki-RfA.mtx: bcsr_8x6, wall time: 0.021742s, L3 cache miss ratio: 54.415%
/root/spmv_bcsr/spmv/data/test_matrices_3/ship_001.mtx: bcsr_8x7, wall time: 0.014406s, L3 cache miss ratio: 91.310%
/root/spmv_bcsr/spmv/data/test_matrices_3/bcsstk31.mtx: bcsr_8x7, wall time: 0.051905s, L3 cache miss ratio: 92.606%
/root/spmv_bcsr/spmv/data/test_matrices_3/sc205-2r.mtx: bcsr_8x7, wall time: 0.003650s, L3 cache miss ratio: 60.786%
/root/spmv_bcsr/spmv/data/test_matrices_3/wiki-RfA.mtx: bcsr_8x7, wall time: 0.024345s, L3 cache miss ratio: 54.629%
/root/spmv_bcsr/spmv/data/test_matrices_3/ship_001.mtx: bcsr_8x8, wall time: 0.015215s, L3 cache miss ratio: 85.895%
/root/spmv_bcsr/spmv/data/test_matrices_3/bcsstk31.mtx: bcsr_8x8, wall time: 0.052339s, L3 cache miss ratio: 93.502%
/root/spmv_bcsr/spmv/data/test_matrices_3/sc205-2r.mtx: bcsr_8x8, wall time: 0.004169s, L3 cache miss ratio: 68.979%
/root/spmv_bcsr/spmv/data/test_matrices_3/wiki-RfA.mtx: bcsr_8x8, wall time: 0.028050s, L3 cache miss ratio: 54.265%
/root/spmv_bcsr/spmv/data/test_matrices_3/ship_001.mtx: bcsr_8x9, wall time: 0.016092s, L3 cache miss ratio: 89.402%
/root/spmv_bcsr/spmv/data/test_matrices_3/bcsstk31.mtx: bcsr_8x9, wall time: 0.052674s, L3 cache miss ratio: 93.379%
/root/spmv_bcsr/spmv/data/test_matrices_3/sc205-2r.mtx: bcsr_8x9, wall time: 0.004205s, L3 cache miss ratio: 66.563%
/root/spmv_bcsr/spmv/data/test_matrices_3/wiki-RfA.mtx: bcsr_8x9, wall time: 0.030577s, L3 cache miss ratio: 57.031%
/root/spmv_bcsr/spmv/data/test_matrices_3/ship_001.mtx: bcsr_8x10, wall time: 0.017242s, L3 cache miss ratio: 92.633%
/root/spmv_bcsr/spmv/data/test_matrices_3/bcsstk31.mtx: bcsr_8x10, wall time: 0.052992s, L3 cache miss ratio: 94.456%
/root/spmv_bcsr/spmv/data/test_matrices_3/sc205-2r.mtx: bcsr_8x10, wall time: 0.004626s, L3 cache miss ratio: 71.359%
/root/spmv_bcsr/spmv/data/test_matrices_3/wiki-RfA.mtx: bcsr_8x10, wall time: 0.034890s, L3 cache miss ratio: 65.555%
/root/spmv_bcsr/spmv/data/test_matrices_3/ship_001.mtx: bcsr_8x11, wall time: 0.017935s, L3 cache miss ratio: 93.947%
/root/spmv_bcsr/spmv/data/test_matrices_3/bcsstk31.mtx: bcsr_8x11, wall time: 0.053647s, L3 cache miss ratio: 94.604%
/root/spmv_bcsr/spmv/data/test_matrices_3/sc205-2r.mtx: bcsr_8x11, wall time: 0.005085s, L3 cache miss ratio: 82.016%
/root/spmv_bcsr/spmv/data/test_matrices_3/wiki-RfA.mtx: bcsr_8x11, wall time: 0.039633s, L3 cache miss ratio: 72.692%
/root/spmv_bcsr/spmv/data/test_matrices_3/ship_001.mtx: bcsr_8x12, wall time: 0.018456s, L3 cache miss ratio: 94.403%
/root/spmv_bcsr/spmv/data/test_matrices_3/bcsstk31.mtx: bcsr_8x12, wall time: 0.053824s, L3 cache miss ratio: 95.795%
/root/spmv_bcsr/spmv/data/test_matrices_3/sc205-2r.mtx: bcsr_8x12, wall time: 0.005538s, L3 cache miss ratio: 82.529%
/root/spmv_bcsr/spmv/data/test_matrices_3/wiki-RfA.mtx: bcsr_8x12, wall time: 0.042723s, L3 cache miss ratio: 71.313%
/root/spmv_bcsr/spmv/data/test_matrices_3/ship_001.mtx: bcsr_9x1, wall time: 0.019151s, L3 cache miss ratio: 82.227%
/root/spmv_bcsr/spmv/data/test_matrices_3/bcsstk31.mtx: bcsr_9x1, wall time: 0.052663s, L3 cache miss ratio: 91.351%
/root/spmv_bcsr/spmv/data/test_matrices_3/sc205-2r.mtx: bcsr_9x1, wall time: 0.003669s, L3 cache miss ratio: 74.183%
/root/spmv_bcsr/spmv/data/test_matrices_3/wiki-RfA.mtx: bcsr_9x1, wall time: 0.007360s, L3 cache miss ratio: 31.315%
/root/spmv_bcsr/spmv/data/test_matrices_3/ship_001.mtx: bcsr_9x2, wall time: 0.014136s, L3 cache miss ratio: 88.453%
/root/spmv_bcsr/spmv/data/test_matrices_3/bcsstk31.mtx: bcsr_9x2, wall time: 0.051415s, L3 cache miss ratio: 92.966%
/root/spmv_bcsr/spmv/data/test_matrices_3/sc205-2r.mtx: bcsr_9x2, wall time: 0.003206s, L3 cache miss ratio: 54.875%
/root/spmv_bcsr/spmv/data/test_matrices_3/wiki-RfA.mtx: bcsr_9x2, wall time: 0.010612s, L3 cache miss ratio: 47.630%
/root/spmv_bcsr/spmv/data/test_matrices_3/ship_001.mtx: bcsr_9x3, wall time: 0.013570s, L3 cache miss ratio: 90.288%
/root/spmv_bcsr/spmv/data/test_matrices_3/bcsstk31.mtx: bcsr_9x3, wall time: 0.051167s, L3 cache miss ratio: 92.013%
/root/spmv_bcsr/spmv/data/test_matrices_3/sc205-2r.mtx: bcsr_9x3, wall time: 0.003267s, L3 cache miss ratio: 58.681%
/root/spmv_bcsr/spmv/data/test_matrices_3/wiki-RfA.mtx: bcsr_9x3, wall time: 0.013887s, L3 cache miss ratio: 49.057%
/root/spmv_bcsr/spmv/data/test_matrices_3/ship_001.mtx: bcsr_9x4, wall time: 0.013776s, L3 cache miss ratio: 89.255%
/root/spmv_bcsr/spmv/data/test_matrices_3/bcsstk31.mtx: bcsr_9x4, wall time: 0.051334s, L3 cache miss ratio: 92.336%
/root/spmv_bcsr/spmv/data/test_matrices_3/sc205-2r.mtx: bcsr_9x4, wall time: 0.003302s, L3 cache miss ratio: 61.075%
/root/spmv_bcsr/spmv/data/test_matrices_3/wiki-RfA.mtx: bcsr_9x4, wall time: 0.017041s, L3 cache miss ratio: 51.535%
/root/spmv_bcsr/spmv/data/test_matrices_3/ship_001.mtx: bcsr_9x5, wall time: 0.013686s, L3 cache miss ratio: 90.215%
/root/spmv_bcsr/spmv/data/test_matrices_3/bcsstk31.mtx: bcsr_9x5, wall time: 0.051618s, L3 cache miss ratio: 92.045%
/root/spmv_bcsr/spmv/data/test_matrices_3/sc205-2r.mtx: bcsr_9x5, wall time: 0.003558s, L3 cache miss ratio: 58.380%
/root/spmv_bcsr/spmv/data/test_matrices_3/wiki-RfA.mtx: bcsr_9x5, wall time: 0.020447s, L3 cache miss ratio: 52.698%
/root/spmv_bcsr/spmv/data/test_matrices_3/ship_001.mtx: bcsr_9x6, wall time: 0.014645s, L3 cache miss ratio: 90.519%
/root/spmv_bcsr/spmv/data/test_matrices_3/bcsstk31.mtx: bcsr_9x6, wall time: 0.051843s, L3 cache miss ratio: 93.751%
/root/spmv_bcsr/spmv/data/test_matrices_3/sc205-2r.mtx: bcsr_9x6, wall time: 0.003843s, L3 cache miss ratio: 62.776%
/root/spmv_bcsr/spmv/data/test_matrices_3/wiki-RfA.mtx: bcsr_9x6, wall time: 0.024123s, L3 cache miss ratio: 57.846%
/root/spmv_bcsr/spmv/data/test_matrices_3/ship_001.mtx: bcsr_9x7, wall time: 0.014976s, L3 cache miss ratio: 90.876%
/root/spmv_bcsr/spmv/data/test_matrices_3/bcsstk31.mtx: bcsr_9x7, wall time: 0.052232s, L3 cache miss ratio: 92.486%
/root/spmv_bcsr/spmv/data/test_matrices_3/sc205-2r.mtx: bcsr_9x7, wall time: 0.003835s, L3 cache miss ratio: 61.112%
/root/spmv_bcsr/spmv/data/test_matrices_3/wiki-RfA.mtx: bcsr_9x7, wall time: 0.027439s, L3 cache miss ratio: 64.750%
/root/spmv_bcsr/spmv/data/test_matrices_3/ship_001.mtx: bcsr_9x8, wall time: 0.015815s, L3 cache miss ratio: 92.690%
/root/spmv_bcsr/spmv/data/test_matrices_3/bcsstk31.mtx: bcsr_9x8, wall time: 0.052479s, L3 cache miss ratio: 94.317%
/root/spmv_bcsr/spmv/data/test_matrices_3/sc205-2r.mtx: bcsr_9x8, wall time: 0.004093s, L3 cache miss ratio: 70.407%
/root/spmv_bcsr/spmv/data/test_matrices_3/wiki-RfA.mtx: bcsr_9x8, wall time: 0.030444s, L3 cache miss ratio: 65.604%
/root/spmv_bcsr/spmv/data/test_matrices_3/ship_001.mtx: bcsr_9x9, wall time: 0.016606s, L3 cache miss ratio: 94.552%
/root/spmv_bcsr/spmv/data/test_matrices_3/bcsstk31.mtx: bcsr_9x9, wall time: 0.053067s, L3 cache miss ratio: 94.658%
/root/spmv_bcsr/spmv/data/test_matrices_3/sc205-2r.mtx: bcsr_9x9, wall time: 0.004567s, L3 cache miss ratio: 76.219%
/root/spmv_bcsr/spmv/data/test_matrices_3/wiki-RfA.mtx: bcsr_9x9, wall time: 0.034974s, L3 cache miss ratio: 74.693%
/root/spmv_bcsr/spmv/data/test_matrices_3/ship_001.mtx: bcsr_9x10, wall time: 0.017635s, L3 cache miss ratio: 92.684%
/root/spmv_bcsr/spmv/data/test_matrices_3/bcsstk31.mtx: bcsr_9x10, wall time: 0.053395s, L3 cache miss ratio: 95.241%
/root/spmv_bcsr/spmv/data/test_matrices_3/sc205-2r.mtx: bcsr_9x10, wall time: 0.004707s, L3 cache miss ratio: 77.634%
/root/spmv_bcsr/spmv/data/test_matrices_3/wiki-RfA.mtx: bcsr_9x10, wall time: 0.038809s, L3 cache miss ratio: 70.749%
/root/spmv_bcsr/spmv/data/test_matrices_3/ship_001.mtx: bcsr_9x11, wall time: 0.018451s, L3 cache miss ratio: 93.130%
/root/spmv_bcsr/spmv/data/test_matrices_3/bcsstk31.mtx: bcsr_9x11, wall time: 0.053952s, L3 cache miss ratio: 95.230%
/root/spmv_bcsr/spmv/data/test_matrices_3/sc205-2r.mtx: bcsr_9x11, wall time: 0.005273s, L3 cache miss ratio: 83.206%
/root/spmv_bcsr/spmv/data/test_matrices_3/wiki-RfA.mtx: bcsr_9x11, wall time: 0.043032s, L3 cache miss ratio: 75.325%
/root/spmv_bcsr/spmv/data/test_matrices_3/ship_001.mtx: bcsr_9x12, wall time: 0.018944s, L3 cache miss ratio: 93.122%
/root/spmv_bcsr/spmv/data/test_matrices_3/bcsstk31.mtx: bcsr_9x12, wall time: 0.054029s, L3 cache miss ratio: 94.338%
/root/spmv_bcsr/spmv/data/test_matrices_3/sc205-2r.mtx: bcsr_9x12, wall time: 0.005250s, L3 cache miss ratio: 82.505%
/root/spmv_bcsr/spmv/data/test_matrices_3/wiki-RfA.mtx: bcsr_9x12, wall time: 0.046181s, L3 cache miss ratio: 74.514%
/root/spmv_bcsr/spmv/data/test_matrices_3/ship_001.mtx: bcsr_10x1, wall time: 0.017044s, L3 cache miss ratio: 80.458%
/root/spmv_bcsr/spmv/data/test_matrices_3/bcsstk31.mtx: bcsr_10x1, wall time: 0.052938s, L3 cache miss ratio: 92.626%
/root/spmv_bcsr/spmv/data/test_matrices_3/sc205-2r.mtx: bcsr_10x1, wall time: 0.003863s, L3 cache miss ratio: 71.868%
/root/spmv_bcsr/spmv/data/test_matrices_3/wiki-RfA.mtx: bcsr_10x1, wall time: 0.007831s, L3 cache miss ratio: 38.603%
/root/spmv_bcsr/spmv/data/test_matrices_3/ship_001.mtx: bcsr_10x2, wall time: 0.014357s, L3 cache miss ratio: 89.374%
/root/spmv_bcsr/spmv/data/test_matrices_3/bcsstk31.mtx: bcsr_10x2, wall time: 0.051602s, L3 cache miss ratio: 91.789%
/root/spmv_bcsr/spmv/data/test_matrices_3/sc205-2r.mtx: bcsr_10x2, wall time: 0.003411s, L3 cache miss ratio: 55.188%
/root/spmv_bcsr/spmv/data/test_matrices_3/wiki-RfA.mtx: bcsr_10x2, wall time: 0.011447s, L3 cache miss ratio: 50.794%
/root/spmv_bcsr/spmv/data/test_matrices_3/ship_001.mtx: bcsr_10x3, wall time: 0.014315s, L3 cache miss ratio: 88.329%
/root/spmv_bcsr/spmv/data/test_matrices_3/bcsstk31.mtx: bcsr_10x3, wall time: 0.051574s, L3 cache miss ratio: 91.429%
/root/spmv_bcsr/spmv/data/test_matrices_3/sc205-2r.mtx: bcsr_10x3, wall time: 0.003581s, L3 cache miss ratio: 59.706%
/root/spmv_bcsr/spmv/data/test_matrices_3/wiki-RfA.mtx: bcsr_10x3, wall time: 0.015099s, L3 cache miss ratio: 48.738%
/root/spmv_bcsr/spmv/data/test_matrices_3/ship_001.mtx: bcsr_10x4, wall time: 0.014135s, L3 cache miss ratio: 88.729%
/root/spmv_bcsr/spmv/data/test_matrices_3/bcsstk31.mtx: bcsr_10x4, wall time: 0.051508s, L3 cache miss ratio: 91.550%
/root/spmv_bcsr/spmv/data/test_matrices_3/sc205-2r.mtx: bcsr_10x4, wall time: 0.003513s, L3 cache miss ratio: 66.066%
/root/spmv_bcsr/spmv/data/test_matrices_3/wiki-RfA.mtx: bcsr_10x4, wall time: 0.018357s, L3 cache miss ratio: 45.816%
/root/spmv_bcsr/spmv/data/test_matrices_3/ship_001.mtx: bcsr_10x5, wall time: 0.014032s, L3 cache miss ratio: 91.194%
/root/spmv_bcsr/spmv/data/test_matrices_3/bcsstk31.mtx: bcsr_10x5, wall time: 0.051661s, L3 cache miss ratio: 92.782%
/root/spmv_bcsr/spmv/data/test_matrices_3/sc205-2r.mtx: bcsr_10x5, wall time: 0.003686s, L3 cache miss ratio: 63.127%
/root/spmv_bcsr/spmv/data/test_matrices_3/wiki-RfA.mtx: bcsr_10x5, wall time: 0.022385s, L3 cache miss ratio: 55.966%
/root/spmv_bcsr/spmv/data/test_matrices_3/ship_001.mtx: bcsr_10x6, wall time: 0.015317s, L3 cache miss ratio: 92.338%
/root/spmv_bcsr/spmv/data/test_matrices_3/bcsstk31.mtx: bcsr_10x6, wall time: 0.052165s, L3 cache miss ratio: 93.978%
/root/spmv_bcsr/spmv/data/test_matrices_3/sc205-2r.mtx: bcsr_10x6, wall time: 0.004201s, L3 cache miss ratio: 67.660%
/root/spmv_bcsr/spmv/data/test_matrices_3/wiki-RfA.mtx: bcsr_10x6, wall time: 0.026588s, L3 cache miss ratio: 65.309%
/root/spmv_bcsr/spmv/data/test_matrices_3/ship_001.mtx: bcsr_10x7, wall time: 0.015752s, L3 cache miss ratio: 93.038%
/root/spmv_bcsr/spmv/data/test_matrices_3/bcsstk31.mtx: bcsr_10x7, wall time: 0.052585s, L3 cache miss ratio: 94.588%
/root/spmv_bcsr/spmv/data/test_matrices_3/sc205-2r.mtx: bcsr_10x7, wall time: 0.004116s, L3 cache miss ratio: 68.257%
/root/spmv_bcsr/spmv/data/test_matrices_3/wiki-RfA.mtx: bcsr_10x7, wall time: 0.030364s, L3 cache miss ratio: 66.369%
/root/spmv_bcsr/spmv/data/test_matrices_3/ship_001.mtx: bcsr_10x8, wall time: 0.016687s, L3 cache miss ratio: 95.819%
/root/spmv_bcsr/spmv/data/test_matrices_3/bcsstk31.mtx: bcsr_10x8, wall time: 0.052792s, L3 cache miss ratio: 94.564%
/root/spmv_bcsr/spmv/data/test_matrices_3/sc205-2r.mtx: bcsr_10x8, wall time: 0.004441s, L3 cache miss ratio: 72.668%
/root/spmv_bcsr/spmv/data/test_matrices_3/wiki-RfA.mtx: bcsr_10x8, wall time: 0.033840s, L3 cache miss ratio: 75.468%
/root/spmv_bcsr/spmv/data/test_matrices_3/ship_001.mtx: bcsr_10x9, wall time: 0.017379s, L3 cache miss ratio: 90.309%
/root/spmv_bcsr/spmv/data/test_matrices_3/bcsstk31.mtx: bcsr_10x9, wall time: 0.053304s, L3 cache miss ratio: 93.712%
/root/spmv_bcsr/spmv/data/test_matrices_3/sc205-2r.mtx: bcsr_10x9, wall time: 0.004647s, L3 cache miss ratio: 75.907%
/root/spmv_bcsr/spmv/data/test_matrices_3/wiki-RfA.mtx: bcsr_10x9, wall time: 0.038116s, L3 cache miss ratio: 65.849%
/root/spmv_bcsr/spmv/data/test_matrices_3/ship_001.mtx: bcsr_10x10, wall time: 0.018440s, L3 cache miss ratio: 95.020%
/root/spmv_bcsr/spmv/data/test_matrices_3/bcsstk31.mtx: bcsr_10x10, wall time: 0.053977s, L3 cache miss ratio: 95.632%
/root/spmv_bcsr/spmv/data/test_matrices_3/sc205-2r.mtx: bcsr_10x10, wall time: 0.005065s, L3 cache miss ratio: 81.566%
/root/spmv_bcsr/spmv/data/test_matrices_3/wiki-RfA.mtx: bcsr_10x10, wall time: 0.044056s, L3 cache miss ratio: 75.748%
/root/spmv_bcsr/spmv/data/test_matrices_3/ship_001.mtx: bcsr_10x11, wall time: 0.019614s, L3 cache miss ratio: 94.561%
/root/spmv_bcsr/spmv/data/test_matrices_3/bcsstk31.mtx: bcsr_10x11, wall time: 0.054467s, L3 cache miss ratio: 95.169%
/root/spmv_bcsr/spmv/data/test_matrices_3/sc205-2r.mtx: bcsr_10x11, wall time: 0.005784s, L3 cache miss ratio: 82.626%
/root/spmv_bcsr/spmv/data/test_matrices_3/wiki-RfA.mtx: bcsr_10x11, wall time: 0.049146s, L3 cache miss ratio: 76.111%
/root/spmv_bcsr/spmv/data/test_matrices_3/ship_001.mtx: bcsr_10x12, wall time: 0.019451s, L3 cache miss ratio: 93.944%
/root/spmv_bcsr/spmv/data/test_matrices_3/bcsstk31.mtx: bcsr_10x12, wall time: 0.054458s, L3 cache miss ratio: 94.979%
/root/spmv_bcsr/spmv/data/test_matrices_3/sc205-2r.mtx: bcsr_10x12, wall time: 0.005700s, L3 cache miss ratio: 86.723%
/root/spmv_bcsr/spmv/data/test_matrices_3/wiki-RfA.mtx: bcsr_10x12, wall time: 0.050641s, L3 cache miss ratio: 76.104%
/root/spmv_bcsr/spmv/data/test_matrices_3/ship_001.mtx: bcsr_11x1, wall time: 0.018521s, L3 cache miss ratio: 83.188%
/root/spmv_bcsr/spmv/data/test_matrices_3/bcsstk31.mtx: bcsr_11x1, wall time: 0.053829s, L3 cache miss ratio: 90.044%
/root/spmv_bcsr/spmv/data/test_matrices_3/sc205-2r.mtx: bcsr_11x1, wall time: 0.004974s, L3 cache miss ratio: 78.041%
/root/spmv_bcsr/spmv/data/test_matrices_3/wiki-RfA.mtx: bcsr_11x1, wall time: 0.008930s, L3 cache miss ratio: 38.456%
/root/spmv_bcsr/spmv/data/test_matrices_3/ship_001.mtx: bcsr_11x2, wall time: 0.015349s, L3 cache miss ratio: 90.087%
/root/spmv_bcsr/spmv/data/test_matrices_3/bcsstk31.mtx: bcsr_11x2, wall time: 0.052259s, L3 cache miss ratio: 91.803%
/root/spmv_bcsr/spmv/data/test_matrices_3/sc205-2r.mtx: bcsr_11x2, wall time: 0.004123s, L3 cache miss ratio: 73.848%
/root/spmv_bcsr/spmv/data/test_matrices_3/wiki-RfA.mtx: bcsr_11x2, wall time: 0.012900s, L3 cache miss ratio: 51.280%
/root/spmv_bcsr/spmv/data/test_matrices_3/ship_001.mtx: bcsr_11x3, wall time: 0.014824s, L3 cache miss ratio: 83.575%
/root/spmv_bcsr/spmv/data/test_matrices_3/bcsstk31.mtx: bcsr_11x3, wall time: 0.052073s, L3 cache miss ratio: 92.852%
/root/spmv_bcsr/spmv/data/test_matrices_3/sc205-2r.mtx: bcsr_11x3, wall time: 0.004169s, L3 cache miss ratio: 72.437%
/root/spmv_bcsr/spmv/data/test_matrices_3/wiki-RfA.mtx: bcsr_11x3, wall time: 0.016761s, L3 cache miss ratio: 50.968%
/root/spmv_bcsr/spmv/data/test_matrices_3/ship_001.mtx: bcsr_11x4, wall time: 0.014627s, L3 cache miss ratio: 89.978%
/root/spmv_bcsr/spmv/data/test_matrices_3/bcsstk31.mtx: bcsr_11x4, wall time: 0.052033s, L3 cache miss ratio: 93.995%
/root/spmv_bcsr/spmv/data/test_matrices_3/sc205-2r.mtx: bcsr_11x4, wall time: 0.003999s, L3 cache miss ratio: 71.333%
/root/spmv_bcsr/spmv/data/test_matrices_3/wiki-RfA.mtx: bcsr_11x4, wall time: 0.020433s, L3 cache miss ratio: 53.598%
/root/spmv_bcsr/spmv/data/test_matrices_3/ship_001.mtx: bcsr_11x5, wall time: 0.014720s, L3 cache miss ratio: 90.689%
/root/spmv_bcsr/spmv/data/test_matrices_3/bcsstk31.mtx: bcsr_11x5, wall time: 0.052339s, L3 cache miss ratio: 92.762%
/root/spmv_bcsr/spmv/data/test_matrices_3/sc205-2r.mtx: bcsr_11x5, wall time: 0.004299s, L3 cache miss ratio: 76.767%
/root/spmv_bcsr/spmv/data/test_matrices_3/wiki-RfA.mtx: bcsr_11x5, wall time: 0.024739s, L3 cache miss ratio: 57.381%
/root/spmv_bcsr/spmv/data/test_matrices_3/ship_001.mtx: bcsr_11x6, wall time: 0.015612s, L3 cache miss ratio: 90.344%
/root/spmv_bcsr/spmv/data/test_matrices_3/bcsstk31.mtx: bcsr_11x6, wall time: 0.052684s, L3 cache miss ratio: 94.290%
/root/spmv_bcsr/spmv/data/test_matrices_3/sc205-2r.mtx: bcsr_11x6, wall time: 0.004685s, L3 cache miss ratio: 81.756%
/root/spmv_bcsr/spmv/data/test_matrices_3/wiki-RfA.mtx: bcsr_11x6, wall time: 0.029146s, L3 cache miss ratio: 62.125%
/root/spmv_bcsr/spmv/data/test_matrices_3/ship_001.mtx: bcsr_11x7, wall time: 0.022515s, L3 cache miss ratio: 56.812%
/root/spmv_bcsr/spmv/data/test_matrices_3/bcsstk31.mtx: bcsr_11x7, wall time: 0.053017s, L3 cache miss ratio: 93.977%
/root/spmv_bcsr/spmv/data/test_matrices_3/sc205-2r.mtx: bcsr_11x7, wall time: 0.004549s, L3 cache miss ratio: 74.227%
/root/spmv_bcsr/spmv/data/test_matrices_3/wiki-RfA.mtx: bcsr_11x7, wall time: 0.033094s, L3 cache miss ratio: 62.734%
/root/spmv_bcsr/spmv/data/test_matrices_3/ship_001.mtx: bcsr_11x8, wall time: 0.016639s, L3 cache miss ratio: 91.213%
/root/spmv_bcsr/spmv/data/test_matrices_3/bcsstk31.mtx: bcsr_11x8, wall time: 0.053167s, L3 cache miss ratio: 93.879%
/root/spmv_bcsr/spmv/data/test_matrices_3/sc205-2r.mtx: bcsr_11x8, wall time: 0.004677s, L3 cache miss ratio: 73.346%
/root/spmv_bcsr/spmv/data/test_matrices_3/wiki-RfA.mtx: bcsr_11x8, wall time: 0.036230s, L3 cache miss ratio: 64.019%
/root/spmv_bcsr/spmv/data/test_matrices_3/ship_001.mtx: bcsr_11x9, wall time: 0.017884s, L3 cache miss ratio: 93.623%
/root/spmv_bcsr/spmv/data/test_matrices_3/bcsstk31.mtx: bcsr_11x9, wall time: 0.053820s, L3 cache miss ratio: 94.984%
/root/spmv_bcsr/spmv/data/test_matrices_3/sc205-2r.mtx: bcsr_11x9, wall time: 0.005059s, L3 cache miss ratio: 81.181%
/root/spmv_bcsr/spmv/data/test_matrices_3/wiki-RfA.mtx: bcsr_11x9, wall time: 0.042262s, L3 cache miss ratio: 73.821%
/root/spmv_bcsr/spmv/data/test_matrices_3/ship_001.mtx: bcsr_11x10, wall time: 0.019765s, L3 cache miss ratio: 95.294%
/root/spmv_bcsr/spmv/data/test_matrices_3/bcsstk31.mtx: bcsr_11x10, wall time: 0.054395s, L3 cache miss ratio: 95.409%
/root/spmv_bcsr/spmv/data/test_matrices_3/sc205-2r.mtx: bcsr_11x10, wall time: 0.005726s, L3 cache miss ratio: 85.657%
/root/spmv_bcsr/spmv/data/test_matrices_3/wiki-RfA.mtx: bcsr_11x10, wall time: 0.048572s, L3 cache miss ratio: 80.586%
/root/spmv_bcsr/spmv/data/test_matrices_3/ship_001.mtx: bcsr_11x11, wall time: 0.018912s, L3 cache miss ratio: 94.491%
/root/spmv_bcsr/spmv/data/test_matrices_3/bcsstk31.mtx: bcsr_11x11, wall time: 0.054921s, L3 cache miss ratio: 95.530%
/root/spmv_bcsr/spmv/data/test_matrices_3/sc205-2r.mtx: bcsr_11x11, wall time: 0.005865s, L3 cache miss ratio: 88.377%
/root/spmv_bcsr/spmv/data/test_matrices_3/wiki-RfA.mtx: bcsr_11x11, wall time: 0.051276s, L3 cache miss ratio: 78.718%
/root/spmv_bcsr/spmv/data/test_matrices_3/ship_001.mtx: bcsr_11x12, wall time: 0.019176s, L3 cache miss ratio: 92.502%
/root/spmv_bcsr/spmv/data/test_matrices_3/bcsstk31.mtx: bcsr_11x12, wall time: 0.054796s, L3 cache miss ratio: 93.290%
/root/spmv_bcsr/spmv/data/test_matrices_3/sc205-2r.mtx: bcsr_11x12, wall time: 0.005806s, L3 cache miss ratio: 89.043%
/root/spmv_bcsr/spmv/data/test_matrices_3/wiki-RfA.mtx: bcsr_11x12, wall time: 0.052617s, L3 cache miss ratio: 72.129%
/root/spmv_bcsr/spmv/data/test_matrices_3/ship_001.mtx: bcsr_12x1, wall time: 0.018197s, L3 cache miss ratio: 86.120%
/root/spmv_bcsr/spmv/data/test_matrices_3/bcsstk31.mtx: bcsr_12x1, wall time: 0.053375s, L3 cache miss ratio: 92.026%
/root/spmv_bcsr/spmv/data/test_matrices_3/sc205-2r.mtx: bcsr_12x1, wall time: 0.004415s, L3 cache miss ratio: 80.366%
/root/spmv_bcsr/spmv/data/test_matrices_3/wiki-RfA.mtx: bcsr_12x1, wall time: 0.009011s, L3 cache miss ratio: 43.720%
/root/spmv_bcsr/spmv/data/test_matrices_3/ship_001.mtx: bcsr_12x2, wall time: 0.015354s, L3 cache miss ratio: 91.046%
/root/spmv_bcsr/spmv/data/test_matrices_3/bcsstk31.mtx: bcsr_12x2, wall time: 0.052019s, L3 cache miss ratio: 91.565%
/root/spmv_bcsr/spmv/data/test_matrices_3/sc205-2r.mtx: bcsr_12x2, wall time: 0.003840s, L3 cache miss ratio: 69.641%
/root/spmv_bcsr/spmv/data/test_matrices_3/wiki-RfA.mtx: bcsr_12x2, wall time: 0.013193s, L3 cache miss ratio: 53.260%
/root/spmv_bcsr/spmv/data/test_matrices_3/ship_001.mtx: bcsr_12x3, wall time: 0.014777s, L3 cache miss ratio: 89.667%
/root/spmv_bcsr/spmv/data/test_matrices_3/bcsstk31.mtx: bcsr_12x3, wall time: 0.051893s, L3 cache miss ratio: 92.427%
/root/spmv_bcsr/spmv/data/test_matrices_3/sc205-2r.mtx: bcsr_12x3, wall time: 0.003893s, L3 cache miss ratio: 68.647%
/root/spmv_bcsr/spmv/data/test_matrices_3/wiki-RfA.mtx: bcsr_12x3, wall time: 0.017469s, L3 cache miss ratio: 55.788%
/root/spmv_bcsr/spmv/data/test_matrices_3/ship_001.mtx: bcsr_12x4, wall time: 0.015637s, L3 cache miss ratio: 90.307%
/root/spmv_bcsr/spmv/data/test_matrices_3/bcsstk31.mtx: bcsr_12x4, wall time: 0.052012s, L3 cache miss ratio: 93.136%
/root/spmv_bcsr/spmv/data/test_matrices_3/sc205-2r.mtx: bcsr_12x4, wall time: 0.004050s, L3 cache miss ratio: 72.852%
/root/spmv_bcsr/spmv/data/test_matrices_3/wiki-RfA.mtx: bcsr_12x4, wall time: 0.022224s, L3 cache miss ratio: 54.468%
/root/spmv_bcsr/spmv/data/test_matrices_3/ship_001.mtx: bcsr_12x5, wall time: 0.015829s, L3 cache miss ratio: 93.840%
/root/spmv_bcsr/spmv/data/test_matrices_3/bcsstk31.mtx: bcsr_12x5, wall time: 0.052461s, L3 cache miss ratio: 93.993%
/root/spmv_bcsr/spmv/data/test_matrices_3/sc205-2r.mtx: bcsr_12x5, wall time: 0.004247s, L3 cache miss ratio: 76.771%
/root/spmv_bcsr/spmv/data/test_matrices_3/wiki-RfA.mtx: bcsr_12x5, wall time: 0.026657s, L3 cache miss ratio: 67.775%
/root/spmv_bcsr/spmv/data/test_matrices_3/ship_001.mtx: bcsr_12x6, wall time: 0.016025s, L3 cache miss ratio: 90.653%
/root/spmv_bcsr/spmv/data/test_matrices_3/bcsstk31.mtx: bcsr_12x6, wall time: 0.052462s, L3 cache miss ratio: 93.343%
/root/spmv_bcsr/spmv/data/test_matrices_3/sc205-2r.mtx: bcsr_12x6, wall time: 0.004359s, L3 cache miss ratio: 74.187%
/root/spmv_bcsr/spmv/data/test_matrices_3/wiki-RfA.mtx: bcsr_12x6, wall time: 0.030589s, L3 cache miss ratio: 60.202%
/root/spmv_bcsr/spmv/data/test_matrices_3/ship_001.mtx: bcsr_12x7, wall time: 0.016744s, L3 cache miss ratio: 93.290%
/root/spmv_bcsr/spmv/data/test_matrices_3/bcsstk31.mtx: bcsr_12x7, wall time: 0.053134s, L3 cache miss ratio: 94.794%
/root/spmv_bcsr/spmv/data/test_matrices_3/sc205-2r.mtx: bcsr_12x7, wall time: 0.004517s, L3 cache miss ratio: 74.844%
/root/spmv_bcsr/spmv/data/test_matrices_3/wiki-RfA.mtx: bcsr_12x7, wall time: 0.035179s, L3 cache miss ratio: 72.350%
/root/spmv_bcsr/spmv/data/test_matrices_3/ship_001.mtx: bcsr_12x8, wall time: 0.017571s, L3 cache miss ratio: 95.509%
/root/spmv_bcsr/spmv/data/test_matrices_3/bcsstk31.mtx: bcsr_12x8, wall time: 0.053214s, L3 cache miss ratio: 95.079%
/root/spmv_bcsr/spmv/data/test_matrices_3/sc205-2r.mtx: bcsr_12x8, wall time: 0.005008s, L3 cache miss ratio: 83.786%
/root/spmv_bcsr/spmv/data/test_matrices_3/wiki-RfA.mtx: bcsr_12x8, wall time: 0.040214s, L3 cache miss ratio: 73.874%
/root/spmv_bcsr/spmv/data/test_matrices_3/ship_001.mtx: bcsr_12x9, wall time: 0.018657s, L3 cache miss ratio: 96.365%
/root/spmv_bcsr/spmv/data/test_matrices_3/bcsstk31.mtx: bcsr_12x9, wall time: 0.053995s, L3 cache miss ratio: 96.440%
/root/spmv_bcsr/spmv/data/test_matrices_3/sc205-2r.mtx: bcsr_12x9, wall time: 0.005149s, L3 cache miss ratio: 84.468%
/root/spmv_bcsr/spmv/data/test_matrices_3/wiki-RfA.mtx: bcsr_12x9, wall time: 0.046212s, L3 cache miss ratio: 81.590%
/root/spmv_bcsr/spmv/data/test_matrices_3/ship_001.mtx: bcsr_12x10, wall time: 0.021318s, L3 cache miss ratio: 96.086%
/root/spmv_bcsr/spmv/data/test_matrices_3/bcsstk31.mtx: bcsr_12x10, wall time: 0.054779s, L3 cache miss ratio: 96.469%
/root/spmv_bcsr/spmv/data/test_matrices_3/sc205-2r.mtx: bcsr_12x10, wall time: 0.005720s, L3 cache miss ratio: 87.868%
/root/spmv_bcsr/spmv/data/test_matrices_3/wiki-RfA.mtx: bcsr_12x10, wall time: 0.054845s, L3 cache miss ratio: 83.976%
/root/spmv_bcsr/spmv/data/test_matrices_3/ship_001.mtx: bcsr_12x11, wall time: 0.021721s, L3 cache miss ratio: 97.091%
/root/spmv_bcsr/spmv/data/test_matrices_3/bcsstk31.mtx: bcsr_12x11, wall time: 0.055540s, L3 cache miss ratio: 95.935%
/root/spmv_bcsr/spmv/data/test_matrices_3/sc205-2r.mtx: bcsr_12x11, wall time: 0.006544s, L3 cache miss ratio: 89.316%
/root/spmv_bcsr/spmv/data/test_matrices_3/wiki-RfA.mtx: bcsr_12x11, wall time: 0.059263s, L3 cache miss ratio: 87.652%
/root/spmv_bcsr/spmv/data/test_matrices_3/ship_001.mtx: bcsr_12x12, wall time: 0.021389s, L3 cache miss ratio: 94.608%
/root/spmv_bcsr/spmv/data/test_matrices_3/bcsstk31.mtx: bcsr_12x12, wall time: 0.055343s, L3 cache miss ratio: 94.872%
/root/spmv_bcsr/spmv/data/test_matrices_3/sc205-2r.mtx: bcsr_12x12, wall time: 0.006468s, L3 cache miss ratio: 89.061%
/root/spmv_bcsr/spmv/data/test_matrices_3/wiki-RfA.mtx: bcsr_12x12, wall time: 0.084540s, L3 cache miss ratio: 45.470%
