47.913
47.913
49.981
48.780
55.261
58.059
61.616
65.005
68.274
70.039
64.005
71.676
49.730
42.875
48.195
43.390
46.459
51.676
39.318
57.034
49.204
56.768
53.046
64.859
47.987
37.514
36.929
34.969
39.377
36.940
41.354
49.647
45.625
56.770
53.961
62.967
47.420
38.533
36.141
55.640
35.633
51.948
46.028
66.869
55.168
63.698
61.651
73.857
53.825
43.239
36.195
37.343
40.634
48.241
43.656
62.024
57.829
60.200
62.597
75.563
48.709
46.818
40.478
50.045
51.500
51.625
53.965
62.934
61.535
66.829
76.551
71.032
57.701
46.678
46.041
51.090
43.046
54.690
58.260
57.158
61.060
68.723
74.368
75.588
72.035
60.220
56.899
65.717
57.274
59.722
60.786
68.979
66.563
71.359
82.016
82.529
74.183
54.875
58.681
61.075
58.380
62.776
61.112
70.407
76.219
77.634
83.206
82.505
71.868
55.188
59.706
66.066
63.127
67.660
68.257
72.668
75.907
81.566
82.626
86.723
78.041
73.848
72.437
71.333
76.767
81.756
74.227
73.346
81.181
85.657
88.377
89.043
80.366
69.641
68.647
72.852
76.771
74.187
74.844
83.786
84.468
87.868
89.316
89.061
