0.002102
0.002102
0.002754
0.002996
0.003480
0.003784
0.004254
0.004445
0.005063
0.005657
0.005956
0.006613
0.002032
0.002291
0.002432
0.002592
0.002934
0.003303
0.003478
0.003614
0.004038
0.004326
0.004642
0.004938
0.002385
0.002205
0.002733
0.002627
0.002921
0.003099
0.003310
0.003476
0.003709
0.004200
0.004372
0.004544
0.002957
0.002373
0.002510
0.002749
0.002816
0.003220
0.003221
0.003446
0.003777
0.004000
0.004350
0.004709
0.002793
0.002414
0.002610
0.002610
0.002798
0.003197
0.003172
0.003380
0.003662
0.003968
0.004315
0.004492
0.002831
0.002604
0.002758
0.002838
0.003051
0.003253
0.003416
0.003568
0.003847
0.004146
0.004654
0.004774
0.003249
0.002765
0.002972
0.002957
0.003203
0.003516
0.003703
0.003705
0.003974
0.004335
0.004782
0.005015
0.003366
0.002903
0.003177
0.003139
0.003322
0.003703
0.003650
0.004169
0.004205
0.004626
0.005085
0.005538
0.003669
0.003206
0.003267
0.003302
0.003558
0.003843
0.003835
0.004093
0.004567
0.004707
0.005273
0.005250
0.003863
0.003411
0.003581
0.003513
0.003686
0.004201
0.004116
0.004441
0.004647
0.005065
0.005784
0.005700
0.004974
0.004123
0.004169
0.003999
0.004299
0.004685
0.004549
0.004677
0.005059
0.005726
0.005865
0.005806
0.004415
0.003840
0.003893
0.004050
0.004247
0.004359
0.004517
0.005008
0.005149
0.005720
0.006544
0.006468
