84.560
80.099
81.000
74.633
76.253
74.400
73.978
71.955
78.101
78.781
78.227
77.459
79.014
81.875
76.276
74.366
78.382
77.026
82.562
79.158
84.322
86.699
85.871
83.886
76.840
77.924
78.878
81.424
83.449
84.843
86.260
83.292
85.703
86.918
90.095
89.068
82.373
76.415
81.189
77.305
85.601
83.717
83.854
86.243
88.524
89.606
90.844
91.077
76.577
81.561
82.319
87.363
87.747
86.774
80.712
88.298
88.905
90.195
90.404
88.944
77.970
82.058
87.348
87.599
87.791
86.405
84.646
87.720
83.807
86.952
90.951
90.763
77.810
85.215
87.346
87.449
75.255
91.586
88.757
87.756
89.779
85.826
86.795
92.728
76.278
83.512
86.361
90.739
90.307
90.820
91.310
85.895
89.402
92.633
93.947
94.403
82.227
88.453
90.288
89.255
90.215
90.519
90.876
92.690
94.552
92.684
93.130
93.122
80.458
89.374
88.329
88.729
91.194
92.338
93.038
95.819
90.309
95.020
94.561
93.944
83.188
90.087
83.575
89.978
90.689
90.344
56.812
91.213
93.623
95.294
94.491
92.502
86.120
91.046
89.667
90.307
93.840
90.653
93.290
95.509
96.365
96.086
97.091
94.608
