0.022573
0.020209
0.019693
0.018370
0.019091
0.019868
0.020828
0.021852
0.024232
0.025671
0.028403
0.027874
0.018919
0.015965
0.015390
0.014874
0.015432
0.015772
0.016412
0.016667
0.017845
0.018627
0.020057
0.019481
0.017667
0.014928
0.014097
0.014072
0.014205
0.014572
0.015241
0.015551
0.016641
0.017655
0.018633
0.018455
0.016829
0.013898
0.012946
0.012747
0.012924
0.013883
0.013901
0.014323
0.015470
0.016163
0.017014
0.016999
0.015417
0.012761
0.012332
0.012118
0.012045
0.012859
0.013112
0.013568
0.014312
0.014947
0.016118
0.016257
0.015703
0.013237
0.012821
0.012889
0.013097
0.013187
0.013852
0.014436
0.015272
0.015860
0.016816
0.017015
0.015643
0.013462
0.012935
0.013049
0.012924
0.013244
0.013535
0.014490
0.015409
0.015991
0.016581
0.017602
0.016145
0.013408
0.013420
0.013257
0.013280
0.014165
0.014406
0.015215
0.016092
0.017242
0.017935
0.018456
0.019151
0.014136
0.013570
0.013776
0.013686
0.014645
0.014976
0.015815
0.016606
0.017635
0.018451
0.018944
0.017044
0.014357
0.014315
0.014135
0.014032
0.015317
0.015752
0.016687
0.017379
0.018440
0.019614
0.019451
0.018521
0.015349
0.014824
0.014627
0.014720
0.015612
0.022515
0.016639
0.017884
0.019765
0.018912
0.019176
0.018197
0.015354
0.014777
0.015637
0.015829
0.016025
0.016744
0.017571
0.018657
0.021318
0.021721
0.021389
