0.011312
0.020080
0.037264
0.058969
0.073359
0.078740
0.082432
0.019959
0.058028
0.076208
0.036747
0.076069
0.004336
0.006291
0.008015
0.009699
0.011648
0.013751
0.015130
0.016794
0.018893
0.020755
0.023256
0.024805
0.004901
0.007052
0.009150
0.010944
0.013236
0.015295
0.017236
0.018855
0.021297
0.023685
0.026617
0.027885
0.005413
0.007910
0.010330
0.012562
0.014942
0.017303
0.019509
0.021777
0.024522
0.026844
0.030017
0.032130
0.006060
0.008843
0.011531
0.014103
0.016854
0.019486
0.022371
0.024716
0.027814
0.030401
0.033852
0.037248
0.006628
0.009491
0.012620
0.015183
0.018345
0.021742
0.024345
0.028050
0.030577
0.034890
0.039633
0.042723
0.007360
0.010612
0.013887
0.017041
0.020447
0.024123
0.027439
0.030444
0.034974
0.038809
0.043032
0.046181
0.007831
0.011447
0.015099
0.018357
0.022385
0.026588
0.030364
0.033840
0.038116
0.044056
0.049146
0.050641
0.008930
0.012900
0.016761
0.020433
0.024739
0.029146
0.033094
0.036230
0.042262
0.048572
0.051276
0.052617
0.009011
0.013193
0.017469
0.022224
0.026657
0.030589
0.035179
0.040214
0.046212
0.054845
0.059263
0.084540
